Started GET "/coffee_shops" for ::1 at 2020-06-02 21:28:00 -0400
  [1m[35m (1.7ms)[0m  [1m[34mSELECT "schema_migrations"."version" FROM "schema_migrations" ORDER BY "schema_migrations"."version" ASC[0m
Processing by CoffeeShopsController#index as */*
  [1m[36mCoffeeShop Load (3.2ms)[0m  [1m[34mSELECT "coffee_shops".* FROM "coffee_shops"[0m
  ↳ app/controllers/coffee_shops_controller.rb:4:in `index'
Completed 200 OK in 74ms (Views: 1.1ms | ActiveRecord: 20.0ms | Allocations: 23688)


Started POST "/login" for ::1 at 2020-06-02 21:28:05 -0400
Processing by AuthController#create as JSON
  Parameters: {"name"=>"sean", "password"=>"[FILTERED]", "auth"=>{"name"=>"sean", "password"=>"[FILTERED]"}}
  [1m[36mUser Load (1.7ms)[0m  [1m[34mSELECT "users".* FROM "users" WHERE "users"."name" = $1 LIMIT $2[0m  [["name", "sean"], ["LIMIT", 1]]
  ↳ app/controllers/auth_controller.rb:3:in `create'
[active_model_serializers] Rendered ActiveModel::Serializer::Null with Hash (0.13ms)
Completed 200 OK in 33ms (Views: 3.7ms | ActiveRecord: 5.0ms | Allocations: 3703)


Started POST "/login" for ::1 at 2020-06-02 21:28:12 -0400
Processing by AuthController#create as JSON
  Parameters: {"name"=>"john", "password"=>"[FILTERED]", "auth"=>{"name"=>"john", "password"=>"[FILTERED]"}}
  [1m[36mUser Load (0.6ms)[0m  [1m[34mSELECT "users".* FROM "users" WHERE "users"."name" = $1 LIMIT $2[0m  [["name", "john"], ["LIMIT", 1]]
  ↳ app/controllers/auth_controller.rb:3:in `create'
[active_model_serializers] Rendered ActiveModel::Serializer::Null with Hash (0.1ms)
Completed 200 OK in 3ms (Views: 0.6ms | ActiveRecord: 0.6ms | Allocations: 721)


  [1m[36mUser Load (0.7ms)[0m  [1m[34mSELECT "users".* FROM "users" LIMIT $1[0m  [["LIMIT", 11]]
Started POST "/login" for ::1 at 2020-06-02 21:29:11 -0400
  [1m[35m (2.0ms)[0m  [1m[34mSELECT "schema_migrations"."version" FROM "schema_migrations" ORDER BY "schema_migrations"."version" ASC[0m
Processing by AuthController#create as JSON
  Parameters: {"name"=>"John", "password"=>"[FILTERED]", "auth"=>{"name"=>"John", "password"=>"[FILTERED]"}}
  [1m[36mUser Load (0.6ms)[0m  [1m[34mSELECT "users".* FROM "users" WHERE "users"."name" = $1 LIMIT $2[0m  [["name", "John"], ["LIMIT", 1]]
  ↳ app/controllers/auth_controller.rb:3:in `create'
[active_model_serializers] Rendered ActiveModel::Serializer::Null with Hash (1.24ms)
Completed 200 OK in 316ms (Views: 3.3ms | ActiveRecord: 9.8ms | Allocations: 7760)


Started GET "/coffee_shops" for ::1 at 2020-06-02 21:33:44 -0400
Processing by CoffeeShopsController#index as */*
  [1m[36mCoffeeShop Load (30.1ms)[0m  [1m[34mSELECT "coffee_shops".* FROM "coffee_shops"[0m
  ↳ app/controllers/coffee_shops_controller.rb:4:in `index'
Completed 200 OK in 185ms (Views: 0.7ms | ActiveRecord: 116.7ms | Allocations: 22310)


Started GET "/coffee_shops" for ::1 at 2020-06-02 21:34:50 -0400
Processing by CoffeeShopsController#index as */*
  [1m[36mCoffeeShop Load (0.7ms)[0m  [1m[34mSELECT "coffee_shops".* FROM "coffee_shops"[0m
  ↳ app/controllers/coffee_shops_controller.rb:4:in `index'
Completed 200 OK in 16ms (Views: 0.3ms | ActiveRecord: 0.7ms | Allocations: 12034)


Started GET "/coffee_shops" for ::1 at 2020-06-02 21:35:37 -0400
Processing by CoffeeShopsController#index as */*
  [1m[36mCoffeeShop Load (1.3ms)[0m  [1m[34mSELECT "coffee_shops".* FROM "coffee_shops"[0m
  ↳ app/controllers/coffee_shops_controller.rb:4:in `index'
Completed 200 OK in 20ms (Views: 0.3ms | ActiveRecord: 1.3ms | Allocations: 12016)


Started GET "/coffee_shops" for ::1 at 2020-06-02 21:36:13 -0400
Processing by CoffeeShopsController#index as */*
  [1m[36mCoffeeShop Load (99.8ms)[0m  [1m[34mSELECT "coffee_shops".* FROM "coffee_shops"[0m
  ↳ app/controllers/coffee_shops_controller.rb:4:in `index'
Completed 200 OK in 115ms (Views: 0.3ms | ActiveRecord: 99.8ms | Allocations: 12035)


Started GET "/coffee_shops" for ::1 at 2020-06-02 21:36:36 -0400
Processing by CoffeeShopsController#index as */*
  [1m[36mCoffeeShop Load (0.8ms)[0m  [1m[34mSELECT "coffee_shops".* FROM "coffee_shops"[0m
  ↳ app/controllers/coffee_shops_controller.rb:4:in `index'
Completed 200 OK in 19ms (Views: 0.2ms | ActiveRecord: 0.8ms | Allocations: 12034)


Started GET "/coffee_shops" for ::1 at 2020-06-02 21:36:54 -0400
Processing by CoffeeShopsController#index as */*
  [1m[36mCoffeeShop Load (0.6ms)[0m  [1m[34mSELECT "coffee_shops".* FROM "coffee_shops"[0m
  ↳ app/controllers/coffee_shops_controller.rb:4:in `index'
Completed 200 OK in 15ms (Views: 0.2ms | ActiveRecord: 0.6ms | Allocations: 12016)


Started GET "/coffee_shops" for ::1 at 2020-06-02 21:37:00 -0400
Processing by CoffeeShopsController#index as */*
  [1m[36mCoffeeShop Load (1.9ms)[0m  [1m[34mSELECT "coffee_shops".* FROM "coffee_shops"[0m
  ↳ app/controllers/coffee_shops_controller.rb:4:in `index'
Completed 200 OK in 19ms (Views: 0.3ms | ActiveRecord: 1.9ms | Allocations: 12016)


Started GET "/coffee_shops" for ::1 at 2020-06-02 21:37:49 -0400
Processing by CoffeeShopsController#index as */*
  [1m[36mCoffeeShop Load (1.1ms)[0m  [1m[34mSELECT "coffee_shops".* FROM "coffee_shops"[0m
  ↳ app/controllers/coffee_shops_controller.rb:4:in `index'
Completed 200 OK in 15ms (Views: 0.3ms | ActiveRecord: 1.1ms | Allocations: 12016)


Started GET "/coffee_shops" for ::1 at 2020-06-02 21:38:05 -0400
Processing by CoffeeShopsController#index as */*
  [1m[36mCoffeeShop Load (1.3ms)[0m  [1m[34mSELECT "coffee_shops".* FROM "coffee_shops"[0m
  ↳ app/controllers/coffee_shops_controller.rb:4:in `index'
Completed 200 OK in 22ms (Views: 0.3ms | ActiveRecord: 1.3ms | Allocations: 12016)


Started GET "/coffee_shops" for ::1 at 2020-06-02 21:38:07 -0400
Processing by CoffeeShopsController#index as */*
  [1m[36mCoffeeShop Load (8.9ms)[0m  [1m[34mSELECT "coffee_shops".* FROM "coffee_shops"[0m
  ↳ app/controllers/coffee_shops_controller.rb:4:in `index'
Completed 200 OK in 26ms (Views: 0.2ms | ActiveRecord: 8.9ms | Allocations: 12017)


Started GET "/coffee_shops" for ::1 at 2020-06-02 21:38:11 -0400
Processing by CoffeeShopsController#index as */*
  [1m[36mCoffeeShop Load (1.6ms)[0m  [1m[34mSELECT "coffee_shops".* FROM "coffee_shops"[0m
  ↳ app/controllers/coffee_shops_controller.rb:4:in `index'
Completed 200 OK in 18ms (Views: 0.3ms | ActiveRecord: 1.6ms | Allocations: 12016)


Started GET "/coffee_shops" for ::1 at 2020-06-02 21:38:15 -0400
Processing by CoffeeShopsController#index as */*
  [1m[36mCoffeeShop Load (5.9ms)[0m  [1m[34mSELECT "coffee_shops".* FROM "coffee_shops"[0m
  ↳ app/controllers/coffee_shops_controller.rb:4:in `index'
Completed 200 OK in 22ms (Views: 0.4ms | ActiveRecord: 5.9ms | Allocations: 12016)


Started GET "/coffee_shops" for ::1 at 2020-06-02 21:38:19 -0400
Processing by CoffeeShopsController#index as */*
  [1m[36mCoffeeShop Load (2.3ms)[0m  [1m[34mSELECT "coffee_shops".* FROM "coffee_shops"[0m
  ↳ app/controllers/coffee_shops_controller.rb:4:in `index'
Completed 200 OK in 13ms (Views: 0.2ms | ActiveRecord: 2.3ms | Allocations: 12016)


Started GET "/coffee_shops" for ::1 at 2020-06-02 21:38:21 -0400
Processing by CoffeeShopsController#index as */*
  [1m[36mCoffeeShop Load (53.1ms)[0m  [1m[34mSELECT "coffee_shops".* FROM "coffee_shops"[0m
  ↳ app/controllers/coffee_shops_controller.rb:4:in `index'
Completed 200 OK in 68ms (Views: 0.5ms | ActiveRecord: 53.1ms | Allocations: 12016)


Started GET "/coffee_shops" for ::1 at 2020-06-02 21:38:24 -0400
Processing by CoffeeShopsController#index as */*
  [1m[36mCoffeeShop Load (148.0ms)[0m  [1m[34mSELECT "coffee_shops".* FROM "coffee_shops"[0m
  ↳ app/controllers/coffee_shops_controller.rb:4:in `index'
Completed 200 OK in 165ms (Views: 0.5ms | ActiveRecord: 148.0ms | Allocations: 12017)


Started GET "/coffee_shops" for ::1 at 2020-06-02 21:38:28 -0400
Processing by CoffeeShopsController#index as */*
  [1m[36mCoffeeShop Load (0.8ms)[0m  [1m[34mSELECT "coffee_shops".* FROM "coffee_shops"[0m
  ↳ app/controllers/coffee_shops_controller.rb:4:in `index'
Completed 200 OK in 12ms (Views: 0.2ms | ActiveRecord: 0.8ms | Allocations: 12016)


Started GET "/coffee_shops" for ::1 at 2020-06-02 21:38:31 -0400
Processing by CoffeeShopsController#index as */*
  [1m[36mCoffeeShop Load (6.3ms)[0m  [1m[34mSELECT "coffee_shops".* FROM "coffee_shops"[0m
  ↳ app/controllers/coffee_shops_controller.rb:4:in `index'
Completed 200 OK in 26ms (Views: 0.4ms | ActiveRecord: 6.3ms | Allocations: 12016)


Started GET "/coffee_shops" for ::1 at 2020-06-02 21:38:38 -0400
Processing by CoffeeShopsController#index as */*
  [1m[36mCoffeeShop Load (1.2ms)[0m  [1m[34mSELECT "coffee_shops".* FROM "coffee_shops"[0m
  ↳ app/controllers/coffee_shops_controller.rb:4:in `index'
Completed 200 OK in 20ms (Views: 0.3ms | ActiveRecord: 1.2ms | Allocations: 12016)


Started GET "/coffee_shops" for ::1 at 2020-06-02 21:38:59 -0400
Processing by CoffeeShopsController#index as */*
  [1m[36mCoffeeShop Load (1.5ms)[0m  [1m[34mSELECT "coffee_shops".* FROM "coffee_shops"[0m
  ↳ app/controllers/coffee_shops_controller.rb:4:in `index'
Completed 200 OK in 41ms (Views: 0.3ms | ActiveRecord: 1.5ms | Allocations: 12019)


Started GET "/coffee_shops" for ::1 at 2020-06-02 21:39:18 -0400
Processing by CoffeeShopsController#index as */*
  [1m[36mCoffeeShop Load (2.9ms)[0m  [1m[34mSELECT "coffee_shops".* FROM "coffee_shops"[0m
  ↳ app/controllers/coffee_shops_controller.rb:4:in `index'
Completed 200 OK in 21ms (Views: 0.3ms | ActiveRecord: 2.9ms | Allocations: 12016)


Started GET "/coffee_shops" for ::1 at 2020-06-02 21:39:23 -0400
Processing by CoffeeShopsController#index as */*
  [1m[36mCoffeeShop Load (49.7ms)[0m  [1m[34mSELECT "coffee_shops".* FROM "coffee_shops"[0m
  ↳ app/controllers/coffee_shops_controller.rb:4:in `index'
Completed 200 OK in 64ms (Views: 0.3ms | ActiveRecord: 49.7ms | Allocations: 12016)


Started GET "/coffee_shops" for ::1 at 2020-06-02 21:40:14 -0400
Processing by CoffeeShopsController#index as */*
  [1m[36mCoffeeShop Load (1.6ms)[0m  [1m[34mSELECT "coffee_shops".* FROM "coffee_shops"[0m
  ↳ app/controllers/coffee_shops_controller.rb:4:in `index'
Completed 200 OK in 18ms (Views: 0.3ms | ActiveRecord: 1.6ms | Allocations: 12016)


Started GET "/coffee_shops" for ::1 at 2020-06-02 21:40:50 -0400
Processing by CoffeeShopsController#index as */*
  [1m[36mCoffeeShop Load (0.9ms)[0m  [1m[34mSELECT "coffee_shops".* FROM "coffee_shops"[0m
  ↳ app/controllers/coffee_shops_controller.rb:4:in `index'
Completed 200 OK in 15ms (Views: 0.2ms | ActiveRecord: 0.9ms | Allocations: 12016)


Started GET "/coffee_shops" for ::1 at 2020-06-02 21:41:13 -0400
Processing by CoffeeShopsController#index as */*
  [1m[36mCoffeeShop Load (1.8ms)[0m  [1m[34mSELECT "coffee_shops".* FROM "coffee_shops"[0m
  ↳ app/controllers/coffee_shops_controller.rb:4:in `index'
Completed 200 OK in 19ms (Views: 0.3ms | ActiveRecord: 1.8ms | Allocations: 12016)


Started GET "/coffee_shops" for ::1 at 2020-06-02 21:41:26 -0400
Processing by CoffeeShopsController#index as */*
  [1m[36mCoffeeShop Load (19.8ms)[0m  [1m[34mSELECT "coffee_shops".* FROM "coffee_shops"[0m
  ↳ app/controllers/coffee_shops_controller.rb:4:in `index'
Completed 200 OK in 33ms (Views: 0.2ms | ActiveRecord: 19.8ms | Allocations: 12016)


Started GET "/coffee_shops" for ::1 at 2020-06-02 21:44:59 -0400
Processing by CoffeeShopsController#index as */*
  [1m[36mCoffeeShop Load (6.4ms)[0m  [1m[34mSELECT "coffee_shops".* FROM "coffee_shops"[0m
  ↳ app/controllers/coffee_shops_controller.rb:4:in `index'
Completed 200 OK in 24ms (Views: 0.3ms | ActiveRecord: 6.4ms | Allocations: 12016)


Started POST "/login" for ::1 at 2020-06-02 21:46:30 -0400
Processing by AuthController#create as JSON
  Parameters: {"name"=>"John", "password"=>"[FILTERED]", "auth"=>{"name"=>"John", "password"=>"[FILTERED]"}}
  [1m[36mUser Load (0.6ms)[0m  [1m[34mSELECT "users".* FROM "users" WHERE "users"."name" = $1 LIMIT $2[0m  [["name", "John"], ["LIMIT", 1]]
  ↳ app/controllers/auth_controller.rb:3:in `create'
[active_model_serializers] Rendered ActiveModel::Serializer::Null with Hash (0.28ms)
Completed 200 OK in 276ms (Views: 0.8ms | ActiveRecord: 0.6ms | Allocations: 958)


Started GET "/coffee_shops" for ::1 at 2020-06-02 21:46:55 -0400
Processing by CoffeeShopsController#index as */*
  [1m[36mCoffeeShop Load (15.2ms)[0m  [1m[34mSELECT "coffee_shops".* FROM "coffee_shops"[0m
  ↳ app/controllers/coffee_shops_controller.rb:4:in `index'
Completed 200 OK in 33ms (Views: 0.7ms | ActiveRecord: 15.2ms | Allocations: 12016)


Started POST "/login" for ::1 at 2020-06-02 21:47:01 -0400
Processing by AuthController#create as JSON
  Parameters: {"name"=>"John", "password"=>"[FILTERED]", "auth"=>{"name"=>"John", "password"=>"[FILTERED]"}}
  [1m[36mUser Load (24.2ms)[0m  [1m[34mSELECT "users".* FROM "users" WHERE "users"."name" = $1 LIMIT $2[0m  [["name", "John"], ["LIMIT", 1]]
  ↳ app/controllers/auth_controller.rb:3:in `create'
[active_model_serializers] Rendered ActiveModel::Serializer::Null with Hash (0.59ms)
Completed 200 OK in 1054ms (Views: 2.8ms | ActiveRecord: 24.2ms | Allocations: 958)


Started GET "/coffee_shops" for ::1 at 2020-06-02 21:47:21 -0400
Processing by CoffeeShopsController#index as */*
  [1m[36mCoffeeShop Load (3.0ms)[0m  [1m[34mSELECT "coffee_shops".* FROM "coffee_shops"[0m
  ↳ app/controllers/coffee_shops_controller.rb:4:in `index'
Completed 200 OK in 40ms (Views: 0.8ms | ActiveRecord: 3.0ms | Allocations: 12019)


Started POST "/login" for ::1 at 2020-06-02 21:47:27 -0400
Processing by AuthController#create as JSON
  Parameters: {"name"=>"John", "password"=>"[FILTERED]", "auth"=>{"name"=>"John", "password"=>"[FILTERED]"}}
  [1m[36mUser Load (0.6ms)[0m  [1m[34mSELECT "users".* FROM "users" WHERE "users"."name" = $1 LIMIT $2[0m  [["name", "John"], ["LIMIT", 1]]
  ↳ app/controllers/auth_controller.rb:3:in `create'
[active_model_serializers] Rendered ActiveModel::Serializer::Null with Hash (0.27ms)
Completed 200 OK in 272ms (Views: 0.8ms | ActiveRecord: 0.6ms | Allocations: 956)


Started GET "/coffee_shops" for ::1 at 2020-06-02 21:47:43 -0400
Processing by CoffeeShopsController#index as */*
  [1m[36mCoffeeShop Load (2.8ms)[0m  [1m[34mSELECT "coffee_shops".* FROM "coffee_shops"[0m
  ↳ app/controllers/coffee_shops_controller.rb:4:in `index'
Completed 200 OK in 19ms (Views: 0.3ms | ActiveRecord: 2.8ms | Allocations: 12016)


Started POST "/login" for ::1 at 2020-06-02 21:47:50 -0400
Processing by AuthController#create as JSON
  Parameters: {"name"=>"John ", "password"=>"[FILTERED]", "auth"=>{"name"=>"John ", "password"=>"[FILTERED]"}}
  [1m[36mUser Load (2.7ms)[0m  [1m[34mSELECT "users".* FROM "users" WHERE "users"."name" = $1 LIMIT $2[0m  [["name", "John "], ["LIMIT", 1]]
  ↳ app/controllers/auth_controller.rb:3:in `create'
[active_model_serializers] Rendered ActiveModel::Serializer::Null with Hash (0.08ms)
Completed 200 OK in 5ms (Views: 0.6ms | ActiveRecord: 2.7ms | Allocations: 704)


Started POST "/login" for ::1 at 2020-06-02 21:47:54 -0400
Processing by AuthController#create as JSON
  Parameters: {"name"=>"John ", "password"=>"[FILTERED]", "auth"=>{"name"=>"John ", "password"=>"[FILTERED]"}}
  [1m[36mUser Load (10.8ms)[0m  [1m[34mSELECT "users".* FROM "users" WHERE "users"."name" = $1 LIMIT $2[0m  [["name", "John "], ["LIMIT", 1]]
  ↳ app/controllers/auth_controller.rb:3:in `create'
[active_model_serializers] Rendered ActiveModel::Serializer::Null with Hash (0.1ms)
Completed 200 OK in 13ms (Views: 0.8ms | ActiveRecord: 10.8ms | Allocations: 703)


Started POST "/login" for ::1 at 2020-06-02 21:47:59 -0400
Processing by AuthController#create as JSON
  Parameters: {"name"=>"John ", "password"=>"[FILTERED]", "auth"=>{"name"=>"John ", "password"=>"[FILTERED]"}}
  [1m[36mUser Load (0.3ms)[0m  [1m[34mSELECT "users".* FROM "users" WHERE "users"."name" = $1 LIMIT $2[0m  [["name", "John "], ["LIMIT", 1]]
  ↳ app/controllers/auth_controller.rb:3:in `create'
[active_model_serializers] Rendered ActiveModel::Serializer::Null with Hash (0.07ms)
Completed 200 OK in 2ms (Views: 0.4ms | ActiveRecord: 0.3ms | Allocations: 703)


Started POST "/login" for ::1 at 2020-06-02 21:48:07 -0400
Processing by AuthController#create as JSON
  Parameters: {"name"=>"John", "password"=>"[FILTERED]", "auth"=>{"name"=>"John", "password"=>"[FILTERED]"}}
  [1m[36mUser Load (0.4ms)[0m  [1m[34mSELECT "users".* FROM "users" WHERE "users"."name" = $1 LIMIT $2[0m  [["name", "John"], ["LIMIT", 1]]
  ↳ app/controllers/auth_controller.rb:3:in `create'
[active_model_serializers] Rendered ActiveModel::Serializer::Null with Hash (0.35ms)
Completed 200 OK in 268ms (Views: 0.8ms | ActiveRecord: 0.4ms | Allocations: 956)


Started GET "/coffee_shops" for ::1 at 2020-06-02 21:48:24 -0400
Processing by CoffeeShopsController#index as */*
  [1m[36mCoffeeShop Load (6.4ms)[0m  [1m[34mSELECT "coffee_shops".* FROM "coffee_shops"[0m
  ↳ app/controllers/coffee_shops_controller.rb:4:in `index'
Completed 200 OK in 22ms (Views: 0.4ms | ActiveRecord: 6.4ms | Allocations: 12016)


Started GET "/coffee_shops" for ::1 at 2020-06-02 21:48:28 -0400
Processing by CoffeeShopsController#index as */*
  [1m[36mCoffeeShop Load (1.5ms)[0m  [1m[34mSELECT "coffee_shops".* FROM "coffee_shops"[0m
  ↳ app/controllers/coffee_shops_controller.rb:4:in `index'
Completed 200 OK in 15ms (Views: 0.9ms | ActiveRecord: 1.5ms | Allocations: 12016)


Started GET "/coffee_shops" for ::1 at 2020-06-02 21:48:49 -0400
Processing by CoffeeShopsController#index as */*
  [1m[36mCoffeeShop Load (1.4ms)[0m  [1m[34mSELECT "coffee_shops".* FROM "coffee_shops"[0m
  ↳ app/controllers/coffee_shops_controller.rb:4:in `index'
Completed 200 OK in 20ms (Views: 0.2ms | ActiveRecord: 1.4ms | Allocations: 12016)


Started POST "/login" for ::1 at 2020-06-02 21:48:55 -0400
Processing by AuthController#create as JSON
  Parameters: {"name"=>"John", "password"=>"[FILTERED]", "auth"=>{"name"=>"John", "password"=>"[FILTERED]"}}
  [1m[36mUser Load (0.7ms)[0m  [1m[34mSELECT "users".* FROM "users" WHERE "users"."name" = $1 LIMIT $2[0m  [["name", "John"], ["LIMIT", 1]]
  ↳ app/controllers/auth_controller.rb:3:in `create'
[active_model_serializers] Rendered ActiveModel::Serializer::Null with Hash (0.25ms)
Completed 200 OK in 268ms (Views: 0.8ms | ActiveRecord: 0.7ms | Allocations: 957)


Started GET "/coffee_shops" for ::1 at 2020-06-02 21:49:48 -0400
Processing by CoffeeShopsController#index as */*
  [1m[36mCoffeeShop Load (2.6ms)[0m  [1m[34mSELECT "coffee_shops".* FROM "coffee_shops"[0m
  ↳ app/controllers/coffee_shops_controller.rb:4:in `index'
Completed 200 OK in 44ms (Views: 2.0ms | ActiveRecord: 2.6ms | Allocations: 12016)


Started POST "/login" for ::1 at 2020-06-02 21:49:53 -0400
Processing by AuthController#create as JSON
  Parameters: {"name"=>"John", "password"=>"[FILTERED]", "auth"=>{"name"=>"John", "password"=>"[FILTERED]"}}
  [1m[36mUser Load (3.0ms)[0m  [1m[34mSELECT "users".* FROM "users" WHERE "users"."name" = $1 LIMIT $2[0m  [["name", "John"], ["LIMIT", 1]]
  ↳ app/controllers/auth_controller.rb:3:in `create'
[active_model_serializers] Rendered ActiveModel::Serializer::Null with Hash (0.79ms)
Completed 200 OK in 283ms (Views: 1.5ms | ActiveRecord: 3.0ms | Allocations: 960)


Started GET "/coffee_shops" for ::1 at 2020-06-02 21:50:27 -0400
Processing by CoffeeShopsController#index as */*
  [1m[36mCoffeeShop Load (2.1ms)[0m  [1m[34mSELECT "coffee_shops".* FROM "coffee_shops"[0m
  ↳ app/controllers/coffee_shops_controller.rb:4:in `index'
Completed 200 OK in 20ms (Views: 0.2ms | ActiveRecord: 2.1ms | Allocations: 12016)


Started POST "/login" for ::1 at 2020-06-02 21:50:32 -0400
Processing by AuthController#create as JSON
  Parameters: {"name"=>"John", "password"=>"[FILTERED]", "auth"=>{"name"=>"John", "password"=>"[FILTERED]"}}
  [1m[36mUser Load (0.8ms)[0m  [1m[34mSELECT "users".* FROM "users" WHERE "users"."name" = $1 LIMIT $2[0m  [["name", "John"], ["LIMIT", 1]]
  ↳ app/controllers/auth_controller.rb:3:in `create'
[active_model_serializers] Rendered ActiveModel::Serializer::Null with Hash (0.31ms)
Completed 200 OK in 269ms (Views: 0.8ms | ActiveRecord: 0.8ms | Allocations: 957)


Started GET "/coffee_shops" for ::1 at 2020-06-02 21:51:58 -0400
Processing by CoffeeShopsController#index as */*
  [1m[36mCoffeeShop Load (4.5ms)[0m  [1m[34mSELECT "coffee_shops".* FROM "coffee_shops"[0m
  ↳ app/controllers/coffee_shops_controller.rb:4:in `index'
Completed 200 OK in 20ms (Views: 0.2ms | ActiveRecord: 4.5ms | Allocations: 12016)


Started POST "/login" for ::1 at 2020-06-02 21:52:07 -0400
Processing by AuthController#create as JSON
  Parameters: {"name"=>"John", "password"=>"[FILTERED]", "auth"=>{"name"=>"John", "password"=>"[FILTERED]"}}
  [1m[36mUser Load (0.8ms)[0m  [1m[34mSELECT "users".* FROM "users" WHERE "users"."name" = $1 LIMIT $2[0m  [["name", "John"], ["LIMIT", 1]]
  ↳ app/controllers/auth_controller.rb:3:in `create'
[active_model_serializers] Rendered ActiveModel::Serializer::Null with Hash (0.31ms)
Completed 200 OK in 285ms (Views: 0.8ms | ActiveRecord: 0.8ms | Allocations: 960)


Started GET "/coffee_shops" for ::1 at 2020-06-03 12:08:53 -0400
  [1m[35m (3.6ms)[0m  [1m[34mSELECT "schema_migrations"."version" FROM "schema_migrations" ORDER BY "schema_migrations"."version" ASC[0m
Processing by CoffeeShopsController#index as */*
  [1m[36mCoffeeShop Load (29.0ms)[0m  [1m[34mSELECT "coffee_shops".* FROM "coffee_shops"[0m
  ↳ app/controllers/coffee_shops_controller.rb:4:in `index'
Completed 200 OK in 97ms (Views: 0.8ms | ActiveRecord: 53.9ms | Allocations: 23693)


Started GET "/coffee_shops" for ::1 at 2020-06-03 13:03:45 -0400
  [1m[35m (10.2ms)[0m  [1m[34mSELECT "schema_migrations"."version" FROM "schema_migrations" ORDER BY "schema_migrations"."version" ASC[0m
Processing by CoffeeShopsController#index as */*
  [1m[36mCoffeeShop Load (4.4ms)[0m  [1m[34mSELECT "coffee_shops".* FROM "coffee_shops"[0m
  ↳ app/controllers/coffee_shops_controller.rb:4:in `index'
Completed 200 OK in 51ms (Views: 1.1ms | ActiveRecord: 15.8ms | Allocations: 23284)


Started POST "/login" for ::1 at 2020-06-03 13:03:54 -0400
Processing by AuthController#create as JSON
  Parameters: {"name"=>"John", "password"=>"[FILTERED]", "auth"=>{"name"=>"John", "password"=>"[FILTERED]"}}
  [1m[36mUser Load (16.4ms)[0m  [1m[34mSELECT "users".* FROM "users" WHERE "users"."name" = $1 LIMIT $2[0m  [["name", "John"], ["LIMIT", 1]]
  ↳ app/controllers/auth_controller.rb:3:in `create'
[active_model_serializers] Rendered ActiveModel::Serializer::Null with Hash (0.48ms)
Completed 200 OK in 336ms (Views: 10.3ms | ActiveRecord: 24.1ms | Allocations: 7263)


Started GET "/coffee_shops" for ::1 at 2020-06-03 13:09:13 -0400
Processing by CoffeeShopsController#index as */*
  [1m[36mCoffeeShop Load (3.4ms)[0m  [1m[34mSELECT "coffee_shops".* FROM "coffee_shops"[0m
  ↳ app/controllers/coffee_shops_controller.rb:4:in `index'
Completed 200 OK in 52ms (Views: 0.3ms | ActiveRecord: 3.4ms | Allocations: 12034)


Started POST "/login" for ::1 at 2020-06-03 13:10:00 -0400
  [1m[35m (2.6ms)[0m  [1m[34mSELECT "schema_migrations"."version" FROM "schema_migrations" ORDER BY "schema_migrations"."version" ASC[0m
Processing by AuthController#create as JSON
  Parameters: {"name"=>"John", "password"=>"[FILTERED]", "auth"=>{"name"=>"John", "password"=>"[FILTERED]"}}
  [1m[36mUser Load (0.7ms)[0m  [1m[34mSELECT "users".* FROM "users" WHERE "users"."name" = $1 LIMIT $2[0m  [["name", "John"], ["LIMIT", 1]]
  ↳ app/controllers/auth_controller.rb:3:in `create'
[active_model_serializers] Rendered ActiveModel::Serializer::Null with Hash (1.23ms)
Completed 200 OK in 329ms (Views: 11.7ms | ActiveRecord: 14.2ms | Allocations: 7759)


Started GET "/coffee_shops" for ::1 at 2020-06-03 13:12:23 -0400
Processing by CoffeeShopsController#index as */*
  [1m[36mCoffeeShop Load (26.3ms)[0m  [1m[34mSELECT "coffee_shops".* FROM "coffee_shops"[0m
  ↳ app/controllers/coffee_shops_controller.rb:4:in `index'
Completed 200 OK in 136ms (Views: 0.4ms | ActiveRecord: 53.4ms | Allocations: 22277)


Started GET "/coffee_shops" for ::1 at 2020-06-03 13:12:45 -0400
Processing by CoffeeShopsController#index as */*
  [1m[36mCoffeeShop Load (5.1ms)[0m  [1m[34mSELECT "coffee_shops".* FROM "coffee_shops"[0m
  ↳ app/controllers/coffee_shops_controller.rb:4:in `index'
Completed 200 OK in 84ms (Views: 0.3ms | ActiveRecord: 5.1ms | Allocations: 12037)


Started POST "/login" for ::1 at 2020-06-03 13:12:51 -0400
Processing by AuthController#create as JSON
  Parameters: {"name"=>"John", "password"=>"[FILTERED]", "auth"=>{"name"=>"John", "password"=>"[FILTERED]"}}
  [1m[36mUser Load (3.8ms)[0m  [1m[34mSELECT "users".* FROM "users" WHERE "users"."name" = $1 LIMIT $2[0m  [["name", "John"], ["LIMIT", 1]]
  ↳ app/controllers/auth_controller.rb:3:in `create'
[active_model_serializers] Rendered ActiveModel::Serializer::Null with Hash (0.26ms)
Completed 200 OK in 280ms (Views: 0.7ms | ActiveRecord: 3.8ms | Allocations: 975)


Started GET "/coffee_shops" for ::1 at 2020-06-03 13:15:02 -0400
Processing by CoffeeShopsController#index as */*
  [1m[36mCoffeeShop Load (2.0ms)[0m  [1m[34mSELECT "coffee_shops".* FROM "coffee_shops"[0m
  ↳ app/controllers/coffee_shops_controller.rb:4:in `index'
Completed 200 OK in 17ms (Views: 0.2ms | ActiveRecord: 2.0ms | Allocations: 12016)


Started GET "/coffee_shops" for ::1 at 2020-06-03 13:15:23 -0400
Processing by CoffeeShopsController#index as */*
  [1m[36mCoffeeShop Load (1.0ms)[0m  [1m[34mSELECT "coffee_shops".* FROM "coffee_shops"[0m
  ↳ app/controllers/coffee_shops_controller.rb:4:in `index'
Completed 200 OK in 15ms (Views: 0.2ms | ActiveRecord: 1.0ms | Allocations: 12016)


Started GET "/coffee_shops" for ::1 at 2020-06-03 13:17:38 -0400
Processing by CoffeeShopsController#index as */*
  [1m[36mCoffeeShop Load (0.8ms)[0m  [1m[34mSELECT "coffee_shops".* FROM "coffee_shops"[0m
  ↳ app/controllers/coffee_shops_controller.rb:4:in `index'
Completed 200 OK in 19ms (Views: 0.2ms | ActiveRecord: 0.8ms | Allocations: 12016)


Started POST "/login" for ::1 at 2020-06-03 13:18:08 -0400
Processing by AuthController#create as JSON
  Parameters: {"name"=>"John", "password"=>"[FILTERED]", "auth"=>{"name"=>"John", "password"=>"[FILTERED]"}}
  [1m[36mUser Load (0.8ms)[0m  [1m[34mSELECT "users".* FROM "users" WHERE "users"."name" = $1 LIMIT $2[0m  [["name", "John"], ["LIMIT", 1]]
  ↳ app/controllers/auth_controller.rb:3:in `create'
[active_model_serializers] Rendered ActiveModel::Serializer::Null with Hash (0.27ms)
Completed 200 OK in 275ms (Views: 0.7ms | ActiveRecord: 0.8ms | Allocations: 956)


Started GET "/coffee_shops" for ::1 at 2020-06-03 13:19:32 -0400
Processing by CoffeeShopsController#index as */*
  [1m[36mCoffeeShop Load (4.1ms)[0m  [1m[34mSELECT "coffee_shops".* FROM "coffee_shops"[0m
  ↳ app/controllers/coffee_shops_controller.rb:4:in `index'
Completed 200 OK in 18ms (Views: 0.2ms | ActiveRecord: 4.1ms | Allocations: 12016)


Started GET "/coffee_shops" for ::1 at 2020-06-03 13:24:52 -0400
Processing by CoffeeShopsController#index as */*
  [1m[36mCoffeeShop Load (4.4ms)[0m  [1m[34mSELECT "coffee_shops".* FROM "coffee_shops"[0m
  ↳ app/controllers/coffee_shops_controller.rb:4:in `index'
Completed 200 OK in 23ms (Views: 0.3ms | ActiveRecord: 4.4ms | Allocations: 12016)


Started POST "/login" for ::1 at 2020-06-03 13:25:02 -0400
Processing by AuthController#create as JSON
  Parameters: {"name"=>"John", "password"=>"[FILTERED]", "auth"=>{"name"=>"John", "password"=>"[FILTERED]"}}
  [1m[36mUser Load (0.4ms)[0m  [1m[34mSELECT "users".* FROM "users" WHERE "users"."name" = $1 LIMIT $2[0m  [["name", "John"], ["LIMIT", 1]]
  ↳ app/controllers/auth_controller.rb:3:in `create'
[active_model_serializers] Rendered ActiveModel::Serializer::Null with Hash (0.24ms)
Completed 200 OK in 258ms (Views: 0.7ms | ActiveRecord: 0.4ms | Allocations: 959)


Started GET "/coffee_shops" for ::1 at 2020-06-03 13:30:11 -0400
Processing by CoffeeShopsController#index as */*
  [1m[36mCoffeeShop Load (2.0ms)[0m  [1m[34mSELECT "coffee_shops".* FROM "coffee_shops"[0m
  ↳ app/controllers/coffee_shops_controller.rb:4:in `index'
Completed 200 OK in 65ms (Views: 1.0ms | ActiveRecord: 14.1ms | Allocations: 21981)


Started POST "/login" for ::1 at 2020-06-03 13:30:18 -0400
Processing by AuthController#create as JSON
  Parameters: {"name"=>"John", "password"=>"[FILTERED]", "auth"=>{"name"=>"John", "password"=>"[FILTERED]"}}
  [1m[36mUser Load (0.6ms)[0m  [1m[34mSELECT "users".* FROM "users" WHERE "users"."name" = $1 LIMIT $2[0m  [["name", "John"], ["LIMIT", 1]]
  ↳ app/controllers/auth_controller.rb:3:in `create'
[active_model_serializers] Rendered ActiveModel::Serializer::Null with Hash (0.53ms)
Completed 200 OK in 298ms (Views: 1.1ms | ActiveRecord: 11.9ms | Allocations: 6041)


Started GET "/coffee_shops" for ::1 at 2020-06-03 13:30:31 -0400
Processing by CoffeeShopsController#index as */*
  [1m[36mCoffeeShop Load (5.0ms)[0m  [1m[34mSELECT "coffee_shops".* FROM "coffee_shops"[0m
  ↳ app/controllers/coffee_shops_controller.rb:4:in `index'
Completed 200 OK in 26ms (Views: 0.3ms | ActiveRecord: 5.0ms | Allocations: 12016)


Started POST "/login" for ::1 at 2020-06-03 13:30:37 -0400
Processing by AuthController#create as JSON
  Parameters: {"name"=>"John", "password"=>"[FILTERED]", "auth"=>{"name"=>"John", "password"=>"[FILTERED]"}}
  [1m[36mUser Load (0.4ms)[0m  [1m[34mSELECT "users".* FROM "users" WHERE "users"."name" = $1 LIMIT $2[0m  [["name", "John"], ["LIMIT", 1]]
  ↳ app/controllers/auth_controller.rb:3:in `create'
[active_model_serializers] Rendered ActiveModel::Serializer::Null with Hash (0.27ms)
Completed 200 OK in 257ms (Views: 0.7ms | ActiveRecord: 0.4ms | Allocations: 957)


Started GET "/coffee_shops" for ::1 at 2020-06-03 13:34:30 -0400
Processing by CoffeeShopsController#index as */*
  [1m[36mCoffeeShop Load (2.7ms)[0m  [1m[34mSELECT "coffee_shops".* FROM "coffee_shops"[0m
  ↳ app/controllers/coffee_shops_controller.rb:4:in `index'
Completed 200 OK in 89ms (Views: 1.4ms | ActiveRecord: 34.4ms | Allocations: 21962)


Started GET "/coffee_shops" for ::1 at 2020-06-03 13:34:56 -0400
  [1m[35m (1.5ms)[0m  [1m[34mSELECT "schema_migrations"."version" FROM "schema_migrations" ORDER BY "schema_migrations"."version" ASC[0m
Processing by CoffeeShopsController#index as */*
  [1m[36mCoffeeShop Load (1.8ms)[0m  [1m[34mSELECT "coffee_shops".* FROM "coffee_shops"[0m
  ↳ app/controllers/coffee_shops_controller.rb:4:in `index'
Completed 200 OK in 60ms (Views: 0.8ms | ActiveRecord: 11.7ms | Allocations: 23284)


Started GET "/users/4" for ::1 at 2020-06-03 13:35:04 -0400
Processing by UsersController#show as HTML
  Parameters: {"id"=>"4"}
  [1m[36mUser Load (6.6ms)[0m  [1m[34mSELECT "users".* FROM "users" WHERE "users"."id" = $1 LIMIT $2[0m  [["id", 4], ["LIMIT", 1]]
  ↳ app/controllers/users_controller.rb:7:in `show'
Completed 500 Internal Server Error in 65ms (ActiveRecord: 13.2ms | Allocations: 7801)


  
NoMethodError (undefined method `coffee_shop' for #<User:0x00007fad46d7a168>
Did you mean?  coffee_shops
               coffee_shops=):
  
app/controllers/users_controller.rb:8:in `show'
Started GET "/favicon.ico" for ::1 at 2020-06-03 13:35:05 -0400
  
ActionController::RoutingError (No route matches [GET] "/favicon.ico"):
  
actionpack (6.0.2.1) lib/action_dispatch/middleware/debug_exceptions.rb:36:in `call'
actionpack (6.0.2.1) lib/action_dispatch/middleware/show_exceptions.rb:33:in `call'
railties (6.0.2.1) lib/rails/rack/logger.rb:38:in `call_app'
railties (6.0.2.1) lib/rails/rack/logger.rb:26:in `block in call'
activesupport (6.0.2.1) lib/active_support/tagged_logging.rb:80:in `block in tagged'
activesupport (6.0.2.1) lib/active_support/tagged_logging.rb:28:in `tagged'
activesupport (6.0.2.1) lib/active_support/tagged_logging.rb:80:in `tagged'
railties (6.0.2.1) lib/rails/rack/logger.rb:26:in `call'
actionpack (6.0.2.1) lib/action_dispatch/middleware/remote_ip.rb:81:in `call'
actionpack (6.0.2.1) lib/action_dispatch/middleware/request_id.rb:27:in `call'
rack (2.2.2) lib/rack/runtime.rb:22:in `call'
activesupport (6.0.2.1) lib/active_support/cache/strategy/local_cache_middleware.rb:29:in `call'
actionpack (6.0.2.1) lib/action_dispatch/middleware/executor.rb:14:in `call'
actionpack (6.0.2.1) lib/action_dispatch/middleware/static.rb:126:in `call'
rack (2.2.2) lib/rack/sendfile.rb:110:in `call'
actionpack (6.0.2.1) lib/action_dispatch/middleware/host_authorization.rb:83:in `call'
rack-cors (1.1.1) lib/rack/cors.rb:100:in `call'
railties (6.0.2.1) lib/rails/engine.rb:526:in `call'
puma (4.3.2) lib/puma/configuration.rb:228:in `call'
puma (4.3.2) lib/puma/server.rb:681:in `handle_request'
puma (4.3.2) lib/puma/server.rb:472:in `process_client'
puma (4.3.2) lib/puma/server.rb:328:in `block in run'
puma (4.3.2) lib/puma/thread_pool.rb:134:in `block in spawn_thread'
Started GET "/users/4" for ::1 at 2020-06-03 13:35:22 -0400
Processing by UsersController#show as HTML
  Parameters: {"id"=>"4"}
  [1m[36mUser Load (0.3ms)[0m  [1m[34mSELECT "users".* FROM "users" WHERE "users"."id" = $1 LIMIT $2[0m  [["id", 4], ["LIMIT", 1]]
  ↳ app/controllers/users_controller.rb:7:in `show'
Completed 500 Internal Server Error in 57ms (ActiveRecord: 8.4ms | Allocations: 7656)


  
NoMethodError (undefined method `coffee_shop' for #<User:0x00007fad46b0eca8>
Did you mean?  coffee_shops
               coffee_shops=):
  
app/controllers/users_controller.rb:8:in `show'
Started GET "/users/4" for ::1 at 2020-06-03 13:35:25 -0400
Processing by UsersController#show as HTML
  Parameters: {"id"=>"4"}
  [1m[36mUser Load (0.5ms)[0m  [1m[34mSELECT "users".* FROM "users" WHERE "users"."id" = $1 LIMIT $2[0m  [["id", 4], ["LIMIT", 1]]
  ↳ app/controllers/users_controller.rb:7:in `show'
Completed 500 Internal Server Error in 11ms (ActiveRecord: 0.5ms | Allocations: 2237)


  
NoMethodError (undefined method `coffee_shop' for #<User:0x00007fad493c35e0>
Did you mean?  coffee_shops
               coffee_shops=):
  
app/controllers/users_controller.rb:8:in `show'
Started GET "/users/4" for ::1 at 2020-06-03 13:35:53 -0400
Processing by UsersController#show as HTML
  Parameters: {"id"=>"4"}
  [1m[36mUser Load (0.4ms)[0m  [1m[34mSELECT "users".* FROM "users" WHERE "users"."id" = $1 LIMIT $2[0m  [["id", 4], ["LIMIT", 1]]
  ↳ app/controllers/users_controller.rb:7:in `show'
Completed 500 Internal Server Error in 30ms (ActiveRecord: 8.0ms | Allocations: 7524)


  
NoMethodError (undefined method `coffee_shop' for #<User:0x00007fad4a2b22b8>
Did you mean?  coffee_shops
               coffee_shops=):
  
app/controllers/users_controller.rb:8:in `show'
Started GET "/users/4" for ::1 at 2020-06-03 13:35:56 -0400
Processing by UsersController#show as HTML
  Parameters: {"id"=>"4"}
  [1m[36mUser Load (0.8ms)[0m  [1m[34mSELECT "users".* FROM "users" WHERE "users"."id" = $1 LIMIT $2[0m  [["id", 4], ["LIMIT", 1]]
  ↳ app/controllers/users_controller.rb:7:in `show'
Completed 500 Internal Server Error in 13ms (ActiveRecord: 0.8ms | Allocations: 2219)


  
NoMethodError (undefined method `coffee_shop' for #<User:0x00007fad49263f38>
Did you mean?  coffee_shops
               coffee_shops=):
  
app/controllers/users_controller.rb:8:in `show'
Started GET "/users/4" for ::1 at 2020-06-03 13:36:23 -0400
  [1m[35m (1.0ms)[0m  [1m[34mSELECT "schema_migrations"."version" FROM "schema_migrations" ORDER BY "schema_migrations"."version" ASC[0m
Processing by UsersController#show as HTML
  Parameters: {"id"=>"4"}
  [1m[36mUser Load (0.7ms)[0m  [1m[34mSELECT "users".* FROM "users" WHERE "users"."id" = $1 LIMIT $2[0m  [["id", 4], ["LIMIT", 1]]
  ↳ app/controllers/users_controller.rb:7:in `show'
[active_model_serializers] Rendered ActiveModel::Serializer::Null with Hash (44.68ms)
Completed 500 Internal Server Error in 120ms (ActiveRecord: 16.5ms | Allocations: 18791)


  
ActiveRecord::StatementInvalid (PG::UndefinedColumn: ERROR:  column favorites.coffee_shop_id does not exist
LINE 1: ..." INNER JOIN "favorites" ON "coffee_shops"."id" = "favorites...
                                                             ^
HINT:  Perhaps you meant to reference the column "favorites.coffeeshop_id".
):
  
app/controllers/users_controller.rb:8:in `show'
Started GET "/users/4" for ::1 at 2020-06-03 13:36:45 -0400
Processing by UsersController#show as HTML
  Parameters: {"id"=>"4"}
  [1m[36mUser Load (0.4ms)[0m  [1m[34mSELECT "users".* FROM "users" WHERE "users"."id" = $1 LIMIT $2[0m  [["id", 4], ["LIMIT", 1]]
  ↳ app/controllers/users_controller.rb:7:in `show'
Completed 500 Internal Server Error in 34ms (ActiveRecord: 12.0ms | Allocations: 7638)


  
NoMethodError (undefined method `coffeeshops' for #<User:0x00007fecc2ed0c90>
Did you mean?  coffee_shops
               coffee_shops=):
  
app/controllers/users_controller.rb:8:in `show'
  [1m[36mUser Load (0.5ms)[0m  [1m[34mSELECT "users".* FROM "users" LIMIT $1[0m  [["LIMIT", 11]]
  [1m[36mUser Load (0.4ms)[0m  [1m[34mSELECT "users".* FROM "users" ORDER BY "users"."id" ASC LIMIT $1[0m  [["LIMIT", 1]]
Started GET "/users/4" for ::1 at 2020-06-03 13:40:26 -0400
  [1m[35m (4.4ms)[0m  [1m[34mSELECT "schema_migrations"."version" FROM "schema_migrations" ORDER BY "schema_migrations"."version" ASC[0m
Processing by UsersController#show as HTML
  Parameters: {"id"=>"4"}
  [1m[36mUser Load (0.7ms)[0m  [1m[34mSELECT "users".* FROM "users" WHERE "users"."id" = $1 LIMIT $2[0m  [["id", 4], ["LIMIT", 1]]
  ↳ app/controllers/users_controller.rb:7:in `show'
[active_model_serializers] Rendered ActiveModel::Serializer::Null with Hash (28.96ms)
Completed 500 Internal Server Error in 106ms (ActiveRecord: 19.6ms | Allocations: 14251)


  
ActiveRecord::StatementInvalid (PG::UndefinedColumn: ERROR:  column favorites.coffee_shop_id does not exist
LINE 1: ..." INNER JOIN "favorites" ON "coffee_shops"."id" = "favorites...
                                                             ^
HINT:  Perhaps you meant to reference the column "favorites.coffeeshop_id".
):
  
app/controllers/users_controller.rb:8:in `show'
Started POST "/login" for ::1 at 2020-06-03 13:41:10 -0400
Processing by AuthController#create as JSON
  Parameters: {"name"=>"John", "password"=>"[FILTERED]", "auth"=>{"name"=>"John", "password"=>"[FILTERED]"}}
  [1m[36mUser Load (0.3ms)[0m  [1m[34mSELECT "users".* FROM "users" WHERE "users"."name" = $1 LIMIT $2[0m  [["name", "John"], ["LIMIT", 1]]
  ↳ app/controllers/auth_controller.rb:3:in `create'
[active_model_serializers] Rendered ActiveModel::Serializer::Null with Hash (0.29ms)
Completed 200 OK in 252ms (Views: 0.8ms | ActiveRecord: 0.3ms | Allocations: 1161)


Started GET "/coffee_shops" for ::1 at 2020-06-03 13:42:35 -0400
Processing by CoffeeShopsController#index as */*
  [1m[36mCoffeeShop Load (81.8ms)[0m  [1m[34mSELECT "coffee_shops".* FROM "coffee_shops"[0m
  ↳ app/controllers/coffee_shops_controller.rb:4:in `index'
Completed 200 OK in 130ms (Views: 0.4ms | ActiveRecord: 81.8ms | Allocations: 20255)


Started POST "/login" for ::1 at 2020-06-03 13:42:41 -0400
Processing by AuthController#create as JSON
  Parameters: {"name"=>"John", "password"=>"[FILTERED]", "auth"=>{"name"=>"John", "password"=>"[FILTERED]"}}
  [1m[36mUser Load (5.1ms)[0m  [1m[34mSELECT "users".* FROM "users" WHERE "users"."name" = $1 LIMIT $2[0m  [["name", "John"], ["LIMIT", 1]]
  ↳ app/controllers/auth_controller.rb:3:in `create'
[active_model_serializers] Rendered ActiveModel::Serializer::Null with Hash (0.28ms)
Completed 200 OK in 272ms (Views: 0.8ms | ActiveRecord: 5.1ms | Allocations: 957)


Started GET "/users/4" for ::1 at 2020-06-03 13:44:47 -0400
Processing by UsersController#show as HTML
  Parameters: {"id"=>"4"}
  [1m[36mUser Load (0.3ms)[0m  [1m[34mSELECT "users".* FROM "users" WHERE "users"."id" = $1 LIMIT $2[0m  [["id", 4], ["LIMIT", 1]]
  ↳ app/controllers/users_controller.rb:7:in `show'
[active_model_serializers] Rendered ActiveModel::Serializer::Null with Hash (12.5ms)
Completed 500 Internal Server Error in 58ms (ActiveRecord: 15.8ms | Allocations: 9896)


  
ActiveRecord::StatementInvalid (PG::UndefinedColumn: ERROR:  column favorites.coffee_shop_id does not exist
LINE 1: ..." INNER JOIN "favorites" ON "coffee_shops"."id" = "favorites...
                                                             ^
HINT:  Perhaps you meant to reference the column "favorites.coffeeshop_id".
):
  
app/controllers/users_controller.rb:8:in `show'
Started GET "/users/4" for ::1 at 2020-06-03 13:47:50 -0400
Processing by UsersController#show as HTML
  Parameters: {"id"=>"4"}
  [1m[36mUser Load (0.5ms)[0m  [1m[34mSELECT "users".* FROM "users" WHERE "users"."id" = $1 LIMIT $2[0m  [["id", 4], ["LIMIT", 1]]
  ↳ app/controllers/users_controller.rb:7:in `show'
[active_model_serializers] Rendered ActiveModel::Serializer::Null with User (0.24ms)
Completed 200 OK in 21ms (Views: 1.0ms | ActiveRecord: 7.6ms | Allocations: 6378)


Started GET "/coffee_shops" for ::1 at 2020-06-03 13:48:38 -0400
Processing by CoffeeShopsController#index as */*
  [1m[36mCoffeeShop Load (1.9ms)[0m  [1m[34mSELECT "coffee_shops".* FROM "coffee_shops"[0m
  ↳ app/controllers/coffee_shops_controller.rb:4:in `index'
Completed 200 OK in 50ms (Views: 0.4ms | ActiveRecord: 10.7ms | Allocations: 21639)


Started GET "/users/4" for ::1 at 2020-06-03 13:58:45 -0400
Processing by UsersController#show as HTML
  Parameters: {"id"=>"4"}
  [1m[36mUser Load (0.8ms)[0m  [1m[34mSELECT "users".* FROM "users" WHERE "users"."id" = $1 LIMIT $2[0m  [["id", 4], ["LIMIT", 1]]
  ↳ app/controllers/users_controller.rb:7:in `show'
[active_model_serializers] Rendered ActiveModel::Serializer::Null with Hash (10.02ms)
Completed 500 Internal Server Error in 28ms (ActiveRecord: 5.3ms | Allocations: 9400)


  
ActiveRecord::StatementInvalid (PG::UndefinedColumn: ERROR:  column favorites.coffee_shop_id does not exist
LINE 1: ..." INNER JOIN "favorites" ON "coffee_shops"."id" = "favorites...
                                                             ^
HINT:  Perhaps you meant to reference the column "favorites.coffeeshop_id".
):
  
app/controllers/users_controller.rb:8:in `show'
Started POST "/login" for ::1 at 2020-06-03 14:13:33 -0400
Processing by AuthController#create as JSON
  Parameters: {"name"=>"John", "password"=>"[FILTERED]", "auth"=>{"name"=>"John", "password"=>"[FILTERED]"}}
  [1m[36mUser Load (0.6ms)[0m  [1m[34mSELECT "users".* FROM "users" WHERE "users"."name" = $1 LIMIT $2[0m  [["name", "John"], ["LIMIT", 1]]
  ↳ app/controllers/auth_controller.rb:3:in `create'
[active_model_serializers] Rendered ActiveModel::Serializer::Null with Hash (0.25ms)
Completed 200 OK in 261ms (Views: 0.7ms | ActiveRecord: 0.8ms | Allocations: 1177)


Started GET "/users/4" for ::1 at 2020-06-03 14:14:01 -0400
Processing by UsersController#show as HTML
  Parameters: {"id"=>"4"}
  [1m[36mUser Load (0.5ms)[0m  [1m[34mSELECT "users".* FROM "users" WHERE "users"."id" = $1 LIMIT $2[0m  [["id", 4], ["LIMIT", 1]]
  ↳ app/controllers/users_controller.rb:7:in `show'
[active_model_serializers] Rendered ActiveModel::Serializer::Null with Hash (2.64ms)
Completed 500 Internal Server Error in 6ms (ActiveRecord: 0.5ms | Allocations: 1174)


  
ActiveRecord::StatementInvalid (PG::UndefinedColumn: ERROR:  column favorites.coffee_shop_id does not exist
LINE 1: ..." INNER JOIN "favorites" ON "coffee_shops"."id" = "favorites...
                                                             ^
HINT:  Perhaps you meant to reference the column "favorites.coffeeshop_id".
):
  
app/controllers/users_controller.rb:8:in `show'
Started GET "/coffee_shops" for ::1 at 2020-06-03 14:40:03 -0400
  [1m[35m (1.6ms)[0m  [1m[34mSELECT "schema_migrations"."version" FROM "schema_migrations" ORDER BY "schema_migrations"."version" ASC[0m
Processing by CoffeeShopsController#index as */*
  [1m[36mCoffeeShop Load (11.9ms)[0m  [1m[34mSELECT "coffee_shops".* FROM "coffee_shops"[0m
  ↳ app/controllers/coffee_shops_controller.rb:4:in `index'
Completed 200 OK in 53ms (Views: 0.4ms | ActiveRecord: 19.8ms | Allocations: 23284)


Started POST "/login" for ::1 at 2020-06-03 14:40:08 -0400
Processing by AuthController#create as JSON
  Parameters: {"name"=>"john", "password"=>"[FILTERED]", "auth"=>{"name"=>"john", "password"=>"[FILTERED]"}}
  [1m[36mUser Load (0.5ms)[0m  [1m[34mSELECT "users".* FROM "users" WHERE "users"."name" = $1 LIMIT $2[0m  [["name", "john"], ["LIMIT", 1]]
  ↳ app/controllers/auth_controller.rb:3:in `create'
[active_model_serializers] Rendered ActiveModel::Serializer::Null with Hash (0.09ms)
Completed 200 OK in 19ms (Views: 2.5ms | ActiveRecord: 3.8ms | Allocations: 3198)


Started POST "/login" for ::1 at 2020-06-03 14:40:14 -0400
Processing by AuthController#create as JSON
  Parameters: {"name"=>"John", "password"=>"[FILTERED]", "auth"=>{"name"=>"John", "password"=>"[FILTERED]"}}
  [1m[36mUser Load (0.8ms)[0m  [1m[34mSELECT "users".* FROM "users" WHERE "users"."name" = $1 LIMIT $2[0m  [["name", "John"], ["LIMIT", 1]]
  ↳ app/controllers/auth_controller.rb:3:in `create'
[active_model_serializers] Rendered ActiveModel::Serializer::Null with Hash (0.59ms)
Completed 200 OK in 278ms (Views: 1.0ms | ActiveRecord: 4.6ms | Allocations: 4279)


Started GET "/users/4" for ::1 at 2020-06-03 14:42:13 -0400
Processing by UsersController#show as HTML
  Parameters: {"id"=>"4"}
  [1m[36mUser Load (0.4ms)[0m  [1m[34mSELECT "users".* FROM "users" WHERE "users"."id" = $1 LIMIT $2[0m  [["id", 4], ["LIMIT", 1]]
  ↳ app/controllers/users_controller.rb:7:in `show'
[active_model_serializers] Rendered ActiveModel::Serializer::Null with Hash (13.94ms)
Completed 500 Internal Server Error in 34ms (ActiveRecord: 2.7ms | Allocations: 5510)


  
ActiveRecord::StatementInvalid (PG::UndefinedColumn: ERROR:  column favorites.coffee_shop_id does not exist
LINE 1: ..." INNER JOIN "favorites" ON "coffee_shops"."id" = "favorites...
                                                             ^
HINT:  Perhaps you meant to reference the column "favorites.coffeeshop_id".
):
  
app/controllers/users_controller.rb:8:in `show'
Started GET "/users/4" for ::1 at 2020-06-03 14:42:41 -0400
Processing by UsersController#show as HTML
  Parameters: {"id"=>"4"}
  [1m[36mUser Load (0.4ms)[0m  [1m[34mSELECT "users".* FROM "users" WHERE "users"."id" = $1 LIMIT $2[0m  [["id", 4], ["LIMIT", 1]]
  ↳ app/controllers/users_controller.rb:7:in `show'
[active_model_serializers] Rendered ActiveModel::Serializer::Null with Hash (31.11ms)
Completed 500 Internal Server Error in 64ms (ActiveRecord: 26.2ms | Allocations: 9965)


  
ActiveRecord::StatementInvalid (PG::UndefinedColumn: ERROR:  column favorites.coffee_shop_id does not exist
LINE 1: ..." INNER JOIN "favorites" ON "coffee_shops"."id" = "favorites...
                                                             ^
HINT:  Perhaps you meant to reference the column "favorites.coffeeshop_id".
):
  
app/controllers/users_controller.rb:8:in `show'
Started GET "/users/4" for ::1 at 2020-06-03 14:43:28 -0400
Processing by UsersController#show as HTML
  Parameters: {"id"=>"4"}
  [1m[36mUser Load (0.4ms)[0m  [1m[34mSELECT "users".* FROM "users" WHERE "users"."id" = $1 LIMIT $2[0m  [["id", 4], ["LIMIT", 1]]
  ↳ app/controllers/users_controller.rb:7:in `show'
[active_model_serializers] Rendered ActiveModel::Serializer::Null with User (0.24ms)
Completed 200 OK in 17ms (Views: 0.9ms | ActiveRecord: 7.3ms | Allocations: 6357)


Started GET "/coffeeshops" for ::1 at 2020-06-03 14:43:36 -0400
  
ActionController::RoutingError (No route matches [GET] "/coffeeshops"):
  
actionpack (6.0.2.1) lib/action_dispatch/middleware/debug_exceptions.rb:36:in `call'
actionpack (6.0.2.1) lib/action_dispatch/middleware/show_exceptions.rb:33:in `call'
railties (6.0.2.1) lib/rails/rack/logger.rb:38:in `call_app'
railties (6.0.2.1) lib/rails/rack/logger.rb:26:in `block in call'
activesupport (6.0.2.1) lib/active_support/tagged_logging.rb:80:in `block in tagged'
activesupport (6.0.2.1) lib/active_support/tagged_logging.rb:28:in `tagged'
activesupport (6.0.2.1) lib/active_support/tagged_logging.rb:80:in `tagged'
railties (6.0.2.1) lib/rails/rack/logger.rb:26:in `call'
actionpack (6.0.2.1) lib/action_dispatch/middleware/remote_ip.rb:81:in `call'
actionpack (6.0.2.1) lib/action_dispatch/middleware/request_id.rb:27:in `call'
rack (2.2.2) lib/rack/runtime.rb:22:in `call'
activesupport (6.0.2.1) lib/active_support/cache/strategy/local_cache_middleware.rb:29:in `call'
actionpack (6.0.2.1) lib/action_dispatch/middleware/executor.rb:14:in `call'
actionpack (6.0.2.1) lib/action_dispatch/middleware/static.rb:126:in `call'
rack (2.2.2) lib/rack/sendfile.rb:110:in `call'
actionpack (6.0.2.1) lib/action_dispatch/middleware/host_authorization.rb:83:in `call'
rack-cors (1.1.1) lib/rack/cors.rb:100:in `call'
railties (6.0.2.1) lib/rails/engine.rb:526:in `call'
puma (4.3.2) lib/puma/configuration.rb:228:in `call'
puma (4.3.2) lib/puma/server.rb:681:in `handle_request'
puma (4.3.2) lib/puma/server.rb:472:in `process_client'
puma (4.3.2) lib/puma/server.rb:328:in `block in run'
puma (4.3.2) lib/puma/thread_pool.rb:134:in `block in spawn_thread'
Started GET "/coffee_shops" for ::1 at 2020-06-03 14:43:41 -0400
Processing by CoffeeShopsController#index as HTML
  [1m[36mCoffeeShop Load (1.1ms)[0m  [1m[34mSELECT "coffee_shops".* FROM "coffee_shops"[0m
  ↳ app/controllers/coffee_shops_controller.rb:4:in `index'
Completed 200 OK in 40ms (Views: 0.3ms | ActiveRecord: 7.5ms | Allocations: 21692)


Started GET "/users/4" for ::1 at 2020-06-03 14:45:53 -0400
Processing by UsersController#show as HTML
  Parameters: {"id"=>"4"}
  [1m[36mUser Load (0.3ms)[0m  [1m[34mSELECT "users".* FROM "users" WHERE "users"."id" = $1 LIMIT $2[0m  [["id", 4], ["LIMIT", 1]]
  ↳ app/controllers/users_controller.rb:7:in `show'
  [1m[36mFavorite Load (3.5ms)[0m  [1m[34mSELECT "favorites".* FROM "favorites" WHERE "favorites"."user_id" = $1[0m  [["user_id", 4]]
  ↳ app/controllers/users_controller.rb:8:in `show'
Completed 200 OK in 27ms (Views: 0.5ms | ActiveRecord: 11.8ms | Allocations: 7953)


Started GET "/users" for ::1 at 2020-06-03 14:46:45 -0400
Processing by UsersController#index as HTML
Completed 500 Internal Server Error in 192ms (ActiveRecord: 0.0ms | Allocations: 72169)


  
NameError (undefined local variable or method `all_users' for #<UsersController:0x00007fba13f730d0>):
  
app/controllers/users_controller.rb:4:in `index'
Started GET "/users" for ::1 at 2020-06-03 14:48:38 -0400
Processing by UsersController#index as HTML
  [1m[36mUser Load (0.3ms)[0m  [1m[34mSELECT "users".* FROM "users"[0m
  ↳ app/controllers/users_controller.rb:4:in `index'
Completed 500 Internal Server Error in 129ms (ActiveRecord: 13.6ms | Allocations: 9579)


  
ActiveRecord::StatementInvalid (PG::UndefinedColumn: ERROR:  column favorites.coffee_shop_id does not exist
LINE 1: ..." INNER JOIN "favorites" ON "coffee_shops"."id" = "favorites...
                                                             ^
HINT:  Perhaps you meant to reference the column "favorites.coffeeshop_id".
):
  
app/controllers/users_controller.rb:4:in `index'
Started GET "/users" for ::1 at 2020-06-03 14:48:57 -0400
Processing by UsersController#index as HTML
  [1m[36mUser Load (0.5ms)[0m  [1m[34mSELECT "users".* FROM "users"[0m
  ↳ app/controllers/users_controller.rb:4:in `index'
Completed 500 Internal Server Error in 5ms (ActiveRecord: 0.5ms | Allocations: 1094)


  
ActiveRecord::StatementInvalid (PG::UndefinedColumn: ERROR:  column favorites.coffee_shop_id does not exist
LINE 1: ..." INNER JOIN "favorites" ON "coffee_shops"."id" = "favorites...
                                                             ^
HINT:  Perhaps you meant to reference the column "favorites.coffeeshop_id".
):
  
app/controllers/users_controller.rb:4:in `index'
Started GET "/all_users" for ::1 at 2020-06-03 14:49:03 -0400
  
ActionController::RoutingError (No route matches [GET] "/all_users"):
  
actionpack (6.0.2.1) lib/action_dispatch/middleware/debug_exceptions.rb:36:in `call'
actionpack (6.0.2.1) lib/action_dispatch/middleware/show_exceptions.rb:33:in `call'
railties (6.0.2.1) lib/rails/rack/logger.rb:38:in `call_app'
railties (6.0.2.1) lib/rails/rack/logger.rb:26:in `block in call'
activesupport (6.0.2.1) lib/active_support/tagged_logging.rb:80:in `block in tagged'
activesupport (6.0.2.1) lib/active_support/tagged_logging.rb:28:in `tagged'
activesupport (6.0.2.1) lib/active_support/tagged_logging.rb:80:in `tagged'
railties (6.0.2.1) lib/rails/rack/logger.rb:26:in `call'
actionpack (6.0.2.1) lib/action_dispatch/middleware/remote_ip.rb:81:in `call'
actionpack (6.0.2.1) lib/action_dispatch/middleware/request_id.rb:27:in `call'
rack (2.2.2) lib/rack/runtime.rb:22:in `call'
activesupport (6.0.2.1) lib/active_support/cache/strategy/local_cache_middleware.rb:29:in `call'
actionpack (6.0.2.1) lib/action_dispatch/middleware/executor.rb:14:in `call'
actionpack (6.0.2.1) lib/action_dispatch/middleware/static.rb:126:in `call'
rack (2.2.2) lib/rack/sendfile.rb:110:in `call'
actionpack (6.0.2.1) lib/action_dispatch/middleware/host_authorization.rb:83:in `call'
rack-cors (1.1.1) lib/rack/cors.rb:100:in `call'
railties (6.0.2.1) lib/rails/engine.rb:526:in `call'
puma (4.3.2) lib/puma/configuration.rb:228:in `call'
puma (4.3.2) lib/puma/server.rb:681:in `handle_request'
puma (4.3.2) lib/puma/server.rb:472:in `process_client'
puma (4.3.2) lib/puma/server.rb:328:in `block in run'
puma (4.3.2) lib/puma/thread_pool.rb:134:in `block in spawn_thread'
Started GET "/users/1" for ::1 at 2020-06-03 14:56:45 -0400
Processing by UsersController#show as HTML
  Parameters: {"id"=>"1"}
  [1m[36mUser Load (0.6ms)[0m  [1m[34mSELECT "users".* FROM "users" WHERE "users"."id" = $1 LIMIT $2[0m  [["id", 1], ["LIMIT", 1]]
  ↳ app/controllers/users_controller.rb:11:in `show'
Completed 404 Not Found in 28ms (ActiveRecord: 1.0ms | Allocations: 798)


  
ActiveRecord::RecordNotFound (Couldn't find User with 'id'=1):
  
app/controllers/users_controller.rb:11:in `show'
Started GET "/users/4" for ::1 at 2020-06-03 14:56:57 -0400
Processing by UsersController#show as HTML
  Parameters: {"id"=>"4"}
  [1m[36mUser Load (0.5ms)[0m  [1m[34mSELECT "users".* FROM "users" WHERE "users"."id" = $1 LIMIT $2[0m  [["id", 4], ["LIMIT", 1]]
  ↳ app/controllers/users_controller.rb:11:in `show'
  [1m[36mFavorite Load (0.5ms)[0m  [1m[34mSELECT "favorites".* FROM "favorites" WHERE "favorites"."user_id" = $1[0m  [["user_id", 4]]
  ↳ app/controllers/users_controller.rb:12:in `show'
Completed 200 OK in 6ms (Views: 0.4ms | ActiveRecord: 1.0ms | Allocations: 1785)


Started GET "/coffee_shops" for ::1 at 2020-06-03 14:57:15 -0400
Processing by CoffeeShopsController#index as */*
  [1m[36mCoffeeShop Load (5.1ms)[0m  [1m[34mSELECT "coffee_shops".* FROM "coffee_shops"[0m
  ↳ app/controllers/coffee_shops_controller.rb:4:in `index'
Completed 200 OK in 44ms (Views: 0.2ms | ActiveRecord: 5.1ms | Allocations: 19832)


Started POST "/login" for ::1 at 2020-06-03 14:57:20 -0400
Processing by AuthController#create as JSON
  Parameters: {"name"=>"John", "password"=>"[FILTERED]", "auth"=>{"name"=>"John", "password"=>"[FILTERED]"}}
  [1m[36mUser Load (0.3ms)[0m  [1m[34mSELECT "users".* FROM "users" WHERE "users"."name" = $1 LIMIT $2[0m  [["name", "John"], ["LIMIT", 1]]
  ↳ app/controllers/auth_controller.rb:3:in `create'
[active_model_serializers] Rendered ActiveModel::Serializer::Null with Hash (0.27ms)
Completed 200 OK in 257ms (Views: 0.8ms | ActiveRecord: 0.3ms | Allocations: 1136)


Started GET "/coffee_shops" for ::1 at 2020-06-03 15:08:19 -0400
Processing by CoffeeShopsController#index as */*
  [1m[36mCoffeeShop Load (6.0ms)[0m  [1m[34mSELECT "coffee_shops".* FROM "coffee_shops"[0m
  ↳ app/controllers/coffee_shops_controller.rb:4:in `index'
Completed 200 OK in 42ms (Views: 0.4ms | ActiveRecord: 6.0ms | Allocations: 12179)


Started POST "/login" for ::1 at 2020-06-03 15:08:24 -0400
Processing by AuthController#create as JSON
  Parameters: {"name"=>"John", "password"=>"[FILTERED]", "auth"=>{"name"=>"John", "password"=>"[FILTERED]"}}
  [1m[36mUser Load (0.6ms)[0m  [1m[34mSELECT "users".* FROM "users" WHERE "users"."name" = $1 LIMIT $2[0m  [["name", "John"], ["LIMIT", 1]]
  ↳ app/controllers/auth_controller.rb:3:in `create'
[active_model_serializers] Rendered ActiveModel::Serializer::Null with Hash (0.26ms)
Completed 200 OK in 264ms (Views: 0.8ms | ActiveRecord: 0.8ms | Allocations: 984)


Started GET "/coffee_shops" for ::1 at 2020-06-03 15:13:49 -0400
Processing by CoffeeShopsController#index as */*
  [1m[36mCoffeeShop Load (9.7ms)[0m  [1m[34mSELECT "coffee_shops".* FROM "coffee_shops"[0m
  ↳ app/controllers/coffee_shops_controller.rb:4:in `index'
Completed 200 OK in 31ms (Views: 0.4ms | ActiveRecord: 9.7ms | Allocations: 12016)


Started POST "/login" for ::1 at 2020-06-03 15:13:55 -0400
Processing by AuthController#create as JSON
  Parameters: {"name"=>"John", "password"=>"[FILTERED]", "auth"=>{"name"=>"John", "password"=>"[FILTERED]"}}
  [1m[36mUser Load (0.7ms)[0m  [1m[34mSELECT "users".* FROM "users" WHERE "users"."name" = $1 LIMIT $2[0m  [["name", "John"], ["LIMIT", 1]]
  ↳ app/controllers/auth_controller.rb:3:in `create'
[active_model_serializers] Rendered ActiveModel::Serializer::Null with Hash (0.26ms)
Completed 200 OK in 260ms (Views: 0.7ms | ActiveRecord: 0.7ms | Allocations: 957)


Started GET "/coffee_shops" for ::1 at 2020-06-03 15:16:59 -0400
Processing by CoffeeShopsController#index as */*
  [1m[36mCoffeeShop Load (4.6ms)[0m  [1m[34mSELECT "coffee_shops".* FROM "coffee_shops"[0m
  ↳ app/controllers/coffee_shops_controller.rb:4:in `index'
Completed 200 OK in 20ms (Views: 0.3ms | ActiveRecord: 4.6ms | Allocations: 12016)


Started POST "/login" for ::1 at 2020-06-03 15:17:04 -0400
Processing by AuthController#create as JSON
  Parameters: {"name"=>"John", "password"=>"[FILTERED]", "auth"=>{"name"=>"John", "password"=>"[FILTERED]"}}
  [1m[36mUser Load (2.9ms)[0m  [1m[34mSELECT "users".* FROM "users" WHERE "users"."name" = $1 LIMIT $2[0m  [["name", "John"], ["LIMIT", 1]]
  ↳ app/controllers/auth_controller.rb:3:in `create'
[active_model_serializers] Rendered ActiveModel::Serializer::Null with Hash (0.25ms)
Completed 200 OK in 261ms (Views: 0.7ms | ActiveRecord: 2.9ms | Allocations: 956)


Started GET "/coffee_shops" for ::1 at 2020-06-03 15:20:50 -0400
Processing by CoffeeShopsController#index as */*
  [1m[36mCoffeeShop Load (7.9ms)[0m  [1m[34mSELECT "coffee_shops".* FROM "coffee_shops"[0m
  ↳ app/controllers/coffee_shops_controller.rb:4:in `index'
Completed 200 OK in 28ms (Views: 0.6ms | ActiveRecord: 7.9ms | Allocations: 12016)


Started POST "/login" for ::1 at 2020-06-03 15:20:56 -0400
Processing by AuthController#create as JSON
  Parameters: {"name"=>"John", "password"=>"[FILTERED]", "auth"=>{"name"=>"John", "password"=>"[FILTERED]"}}
  [1m[36mUser Load (0.7ms)[0m  [1m[34mSELECT "users".* FROM "users" WHERE "users"."name" = $1 LIMIT $2[0m  [["name", "John"], ["LIMIT", 1]]
  ↳ app/controllers/auth_controller.rb:3:in `create'
[active_model_serializers] Rendered ActiveModel::Serializer::Null with Hash (0.24ms)
Completed 200 OK in 255ms (Views: 0.7ms | ActiveRecord: 0.7ms | Allocations: 957)


Started GET "/coffee_shops" for ::1 at 2020-06-03 15:28:45 -0400
Processing by CoffeeShopsController#index as */*
  [1m[36mCoffeeShop Load (1.9ms)[0m  [1m[34mSELECT "coffee_shops".* FROM "coffee_shops"[0m
  ↳ app/controllers/coffee_shops_controller.rb:4:in `index'
Completed 200 OK in 23ms (Views: 0.3ms | ActiveRecord: 1.9ms | Allocations: 12176)


Started GET "/coffee_shops" for ::1 at 2020-06-03 15:29:34 -0400
Processing by CoffeeShopsController#index as */*
  [1m[36mCoffeeShop Load (4.7ms)[0m  [1m[34mSELECT "coffee_shops".* FROM "coffee_shops"[0m
  ↳ app/controllers/coffee_shops_controller.rb:4:in `index'
Completed 200 OK in 30ms (Views: 0.3ms | ActiveRecord: 4.7ms | Allocations: 12016)


Started POST "/login" for ::1 at 2020-06-03 15:29:40 -0400
Processing by AuthController#create as JSON
  Parameters: {"name"=>"John", "password"=>"[FILTERED]", "auth"=>{"name"=>"John", "password"=>"[FILTERED]"}}
  [1m[36mUser Load (0.8ms)[0m  [1m[34mSELECT "users".* FROM "users" WHERE "users"."name" = $1 LIMIT $2[0m  [["name", "John"], ["LIMIT", 1]]
  ↳ app/controllers/auth_controller.rb:3:in `create'
[active_model_serializers] Rendered ActiveModel::Serializer::Null with Hash (0.26ms)
Completed 200 OK in 262ms (Views: 0.7ms | ActiveRecord: 1.3ms | Allocations: 985)


Started GET "/coffee_shops" for ::1 at 2020-06-03 15:35:06 -0400
Processing by CoffeeShopsController#index as */*
  [1m[36mCoffeeShop Load (2.8ms)[0m  [1m[34mSELECT "coffee_shops".* FROM "coffee_shops"[0m
  ↳ app/controllers/coffee_shops_controller.rb:4:in `index'
Completed 200 OK in 17ms (Views: 0.5ms | ActiveRecord: 2.8ms | Allocations: 12176)


Started POST "/login" for ::1 at 2020-06-03 15:35:12 -0400
Processing by AuthController#create as JSON
  Parameters: {"name"=>"John ", "password"=>"[FILTERED]", "auth"=>{"name"=>"John ", "password"=>"[FILTERED]"}}
  [1m[36mUser Load (0.6ms)[0m  [1m[34mSELECT "users".* FROM "users" WHERE "users"."name" = $1 LIMIT $2[0m  [["name", "John "], ["LIMIT", 1]]
  ↳ app/controllers/auth_controller.rb:3:in `create'
[active_model_serializers] Rendered ActiveModel::Serializer::Null with Hash (0.08ms)
Completed 200 OK in 4ms (Views: 0.4ms | ActiveRecord: 1.2ms | Allocations: 732)


Started POST "/login" for ::1 at 2020-06-03 15:35:20 -0400
Processing by AuthController#create as JSON
  Parameters: {"name"=>"John", "password"=>"[FILTERED]", "auth"=>{"name"=>"John", "password"=>"[FILTERED]"}}
  [1m[36mUser Load (1.4ms)[0m  [1m[34mSELECT "users".* FROM "users" WHERE "users"."name" = $1 LIMIT $2[0m  [["name", "John"], ["LIMIT", 1]]
  ↳ app/controllers/auth_controller.rb:3:in `create'
[active_model_serializers] Rendered ActiveModel::Serializer::Null with Hash (0.26ms)
Completed 200 OK in 261ms (Views: 0.7ms | ActiveRecord: 1.4ms | Allocations: 957)


Started GET "/coffee_shops" for ::1 at 2020-06-03 15:37:57 -0400
Processing by CoffeeShopsController#index as */*
  [1m[36mCoffeeShop Load (0.7ms)[0m  [1m[34mSELECT "coffee_shops".* FROM "coffee_shops"[0m
  ↳ app/controllers/coffee_shops_controller.rb:4:in `index'
Completed 200 OK in 12ms (Views: 0.3ms | ActiveRecord: 0.7ms | Allocations: 12016)


Started GET "/coffee_shops" for ::1 at 2020-06-03 15:39:05 -0400
Processing by CoffeeShopsController#index as */*
  [1m[36mCoffeeShop Load (15.2ms)[0m  [1m[34mSELECT "coffee_shops".* FROM "coffee_shops"[0m
  ↳ app/controllers/coffee_shops_controller.rb:4:in `index'
Completed 200 OK in 26ms (Views: 0.2ms | ActiveRecord: 15.2ms | Allocations: 12016)


Started GET "/coffee_shops" for ::1 at 2020-06-03 15:39:43 -0400
Processing by CoffeeShopsController#index as */*
  [1m[36mCoffeeShop Load (1.1ms)[0m  [1m[34mSELECT "coffee_shops".* FROM "coffee_shops"[0m
  ↳ app/controllers/coffee_shops_controller.rb:4:in `index'
Completed 200 OK in 26ms (Views: 0.3ms | ActiveRecord: 1.1ms | Allocations: 12016)


Started POST "/login" for ::1 at 2020-06-03 15:39:50 -0400
Processing by AuthController#create as JSON
  Parameters: {"name"=>"John", "password"=>"[FILTERED]", "auth"=>{"name"=>"John", "password"=>"[FILTERED]"}}
  [1m[36mUser Load (0.7ms)[0m  [1m[34mSELECT "users".* FROM "users" WHERE "users"."name" = $1 LIMIT $2[0m  [["name", "John"], ["LIMIT", 1]]
  ↳ app/controllers/auth_controller.rb:3:in `create'
[active_model_serializers] Rendered ActiveModel::Serializer::Null with Hash (0.41ms)
Completed 200 OK in 262ms (Views: 1.0ms | ActiveRecord: 0.7ms | Allocations: 956)


Started GET "/coffee_shops" for ::1 at 2020-06-03 15:40:45 -0400
Processing by CoffeeShopsController#index as */*
  [1m[36mCoffeeShop Load (2.8ms)[0m  [1m[34mSELECT "coffee_shops".* FROM "coffee_shops"[0m
  ↳ app/controllers/coffee_shops_controller.rb:4:in `index'
Completed 200 OK in 77ms (Views: 1.6ms | ActiveRecord: 2.8ms | Allocations: 12019)


Started POST "/login" for ::1 at 2020-06-03 15:40:48 -0400
Processing by AuthController#create as JSON
  Parameters: {"name"=>"1", "password"=>"[FILTERED]", "auth"=>{"name"=>"1", "password"=>"[FILTERED]"}}
  [1m[36mUser Load (0.7ms)[0m  [1m[34mSELECT "users".* FROM "users" WHERE "users"."name" = $1 LIMIT $2[0m  [["name", "1"], ["LIMIT", 1]]
  ↳ app/controllers/auth_controller.rb:3:in `create'
[active_model_serializers] Rendered ActiveModel::Serializer::Null with Hash (0.07ms)
Completed 200 OK in 2ms (Views: 0.4ms | ActiveRecord: 0.7ms | Allocations: 703)


Started POST "/login" for ::1 at 2020-06-03 15:41:02 -0400
Processing by AuthController#create as JSON
  Parameters: {"name"=>"John", "password"=>"[FILTERED]", "auth"=>{"name"=>"John", "password"=>"[FILTERED]"}}
  [1m[36mUser Load (0.4ms)[0m  [1m[34mSELECT "users".* FROM "users" WHERE "users"."name" = $1 LIMIT $2[0m  [["name", "John"], ["LIMIT", 1]]
  ↳ app/controllers/auth_controller.rb:3:in `create'
[active_model_serializers] Rendered ActiveModel::Serializer::Null with Hash (0.3ms)
Completed 200 OK in 262ms (Views: 0.7ms | ActiveRecord: 0.4ms | Allocations: 956)


Started GET "/coffee_shops" for ::1 at 2020-06-03 15:42:15 -0400
Processing by CoffeeShopsController#index as */*
  [1m[36mCoffeeShop Load (3.6ms)[0m  [1m[34mSELECT "coffee_shops".* FROM "coffee_shops"[0m
  ↳ app/controllers/coffee_shops_controller.rb:4:in `index'
Completed 200 OK in 23ms (Views: 0.3ms | ActiveRecord: 3.6ms | Allocations: 12016)


Started POST "/login" for ::1 at 2020-06-03 15:42:21 -0400
Processing by AuthController#create as JSON
  Parameters: {"name"=>"John", "password"=>"[FILTERED]", "auth"=>{"name"=>"John", "password"=>"[FILTERED]"}}
  [1m[36mUser Load (0.6ms)[0m  [1m[34mSELECT "users".* FROM "users" WHERE "users"."name" = $1 LIMIT $2[0m  [["name", "John"], ["LIMIT", 1]]
  ↳ app/controllers/auth_controller.rb:3:in `create'
[active_model_serializers] Rendered ActiveModel::Serializer::Null with Hash (0.27ms)
Completed 200 OK in 263ms (Views: 0.7ms | ActiveRecord: 0.6ms | Allocations: 959)


Started GET "/coffee_shops" for ::1 at 2020-06-03 15:43:58 -0400
Processing by CoffeeShopsController#index as */*
  [1m[36mCoffeeShop Load (3.4ms)[0m  [1m[34mSELECT "coffee_shops".* FROM "coffee_shops"[0m
  ↳ app/controllers/coffee_shops_controller.rb:4:in `index'
Completed 200 OK in 29ms (Views: 0.3ms | ActiveRecord: 3.4ms | Allocations: 12016)


Started GET "/coffee_shops" for ::1 at 2020-06-03 15:44:34 -0400
Processing by CoffeeShopsController#index as */*
  [1m[36mCoffeeShop Load (3.8ms)[0m  [1m[34mSELECT "coffee_shops".* FROM "coffee_shops"[0m
  ↳ app/controllers/coffee_shops_controller.rb:4:in `index'
Completed 200 OK in 20ms (Views: 0.3ms | ActiveRecord: 3.8ms | Allocations: 12016)


Started GET "/coffee_shops" for ::1 at 2020-06-03 15:44:40 -0400
Processing by CoffeeShopsController#index as */*
  [1m[36mCoffeeShop Load (53.3ms)[0m  [1m[34mSELECT "coffee_shops".* FROM "coffee_shops"[0m
  ↳ app/controllers/coffee_shops_controller.rb:4:in `index'
Completed 200 OK in 70ms (Views: 0.3ms | ActiveRecord: 53.3ms | Allocations: 12016)


Started POST "/login" for ::1 at 2020-06-03 15:44:47 -0400
Processing by AuthController#create as JSON
  Parameters: {"name"=>"John", "password"=>"[FILTERED]", "auth"=>{"name"=>"John", "password"=>"[FILTERED]"}}
  [1m[36mUser Load (0.4ms)[0m  [1m[34mSELECT "users".* FROM "users" WHERE "users"."name" = $1 LIMIT $2[0m  [["name", "John"], ["LIMIT", 1]]
  ↳ app/controllers/auth_controller.rb:3:in `create'
[active_model_serializers] Rendered ActiveModel::Serializer::Null with Hash (0.36ms)
Completed 200 OK in 275ms (Views: 0.9ms | ActiveRecord: 0.4ms | Allocations: 960)


Started GET "/coffee_shops" for ::1 at 2020-06-03 15:45:20 -0400
Processing by CoffeeShopsController#index as */*
  [1m[36mCoffeeShop Load (3.9ms)[0m  [1m[34mSELECT "coffee_shops".* FROM "coffee_shops"[0m
  ↳ app/controllers/coffee_shops_controller.rb:4:in `index'
Completed 200 OK in 29ms (Views: 0.2ms | ActiveRecord: 3.9ms | Allocations: 12016)


Started POST "/login" for ::1 at 2020-06-03 15:45:26 -0400
Processing by AuthController#create as JSON
  Parameters: {"name"=>"John", "password"=>"[FILTERED]", "auth"=>{"name"=>"John", "password"=>"[FILTERED]"}}
  [1m[36mUser Load (0.4ms)[0m  [1m[34mSELECT "users".* FROM "users" WHERE "users"."name" = $1 LIMIT $2[0m  [["name", "John"], ["LIMIT", 1]]
  ↳ app/controllers/auth_controller.rb:3:in `create'
[active_model_serializers] Rendered ActiveModel::Serializer::Null with Hash (0.3ms)
Completed 200 OK in 269ms (Views: 0.9ms | ActiveRecord: 0.4ms | Allocations: 956)


Started POST "/login" for ::1 at 2020-06-03 15:45:57 -0400
Processing by AuthController#create as JSON
  Parameters: {"name"=>"John", "password"=>"[FILTERED]", "auth"=>{"name"=>"John", "password"=>"[FILTERED]"}}
  [1m[36mUser Load (0.3ms)[0m  [1m[34mSELECT "users".* FROM "users" WHERE "users"."name" = $1 LIMIT $2[0m  [["name", "John"], ["LIMIT", 1]]
  ↳ app/controllers/auth_controller.rb:3:in `create'
[active_model_serializers] Rendered ActiveModel::Serializer::Null with Hash (0.25ms)
Completed 200 OK in 260ms (Views: 0.7ms | ActiveRecord: 0.3ms | Allocations: 957)


Started GET "/coffee_shops" for ::1 at 2020-06-03 15:46:19 -0400
Processing by CoffeeShopsController#index as */*
  [1m[36mCoffeeShop Load (3.3ms)[0m  [1m[34mSELECT "coffee_shops".* FROM "coffee_shops"[0m
  ↳ app/controllers/coffee_shops_controller.rb:4:in `index'
Completed 200 OK in 18ms (Views: 0.2ms | ActiveRecord: 3.3ms | Allocations: 12016)


Started GET "/coffee_shops" for ::1 at 2020-06-03 15:46:26 -0400
Processing by CoffeeShopsController#index as */*
  [1m[36mCoffeeShop Load (2.5ms)[0m  [1m[34mSELECT "coffee_shops".* FROM "coffee_shops"[0m
  ↳ app/controllers/coffee_shops_controller.rb:4:in `index'
Completed 200 OK in 21ms (Views: 0.5ms | ActiveRecord: 2.5ms | Allocations: 12016)


Started GET "/coffee_shops" for ::1 at 2020-06-03 15:46:31 -0400
Processing by CoffeeShopsController#index as */*
  [1m[36mCoffeeShop Load (2.4ms)[0m  [1m[34mSELECT "coffee_shops".* FROM "coffee_shops"[0m
  ↳ app/controllers/coffee_shops_controller.rb:4:in `index'
Completed 200 OK in 19ms (Views: 0.3ms | ActiveRecord: 2.4ms | Allocations: 12016)


Started GET "/coffee_shops" for ::1 at 2020-06-03 15:47:09 -0400
Processing by CoffeeShopsController#index as */*
  [1m[36mCoffeeShop Load (11.2ms)[0m  [1m[34mSELECT "coffee_shops".* FROM "coffee_shops"[0m
  ↳ app/controllers/coffee_shops_controller.rb:4:in `index'
Completed 200 OK in 27ms (Views: 0.4ms | ActiveRecord: 11.2ms | Allocations: 12016)


Started GET "/coffee_shops" for ::1 at 2020-06-03 15:47:11 -0400
Processing by CoffeeShopsController#index as */*
  [1m[36mCoffeeShop Load (2.6ms)[0m  [1m[34mSELECT "coffee_shops".* FROM "coffee_shops"[0m
  ↳ app/controllers/coffee_shops_controller.rb:4:in `index'
Completed 200 OK in 41ms (Views: 0.3ms | ActiveRecord: 2.6ms | Allocations: 12019)


Started GET "/coffee_shops" for ::1 at 2020-06-03 15:47:14 -0400
Processing by CoffeeShopsController#index as */*
  [1m[36mCoffeeShop Load (1.0ms)[0m  [1m[34mSELECT "coffee_shops".* FROM "coffee_shops"[0m
  ↳ app/controllers/coffee_shops_controller.rb:4:in `index'
Completed 200 OK in 20ms (Views: 0.4ms | ActiveRecord: 1.0ms | Allocations: 12016)


Started POST "/login" for ::1 at 2020-06-03 15:47:19 -0400
Processing by AuthController#create as JSON
  Parameters: {"name"=>"John", "password"=>"[FILTERED]", "auth"=>{"name"=>"John", "password"=>"[FILTERED]"}}
  [1m[36mUser Load (2.7ms)[0m  [1m[34mSELECT "users".* FROM "users" WHERE "users"."name" = $1 LIMIT $2[0m  [["name", "John"], ["LIMIT", 1]]
  ↳ app/controllers/auth_controller.rb:3:in `create'
[active_model_serializers] Rendered ActiveModel::Serializer::Null with Hash (0.34ms)
Completed 200 OK in 316ms (Views: 0.8ms | ActiveRecord: 2.7ms | Allocations: 956)


Started GET "/coffee_shops" for ::1 at 2020-06-03 15:48:26 -0400
Processing by CoffeeShopsController#index as */*
  [1m[36mCoffeeShop Load (2.2ms)[0m  [1m[34mSELECT "coffee_shops".* FROM "coffee_shops"[0m
  ↳ app/controllers/coffee_shops_controller.rb:4:in `index'
Completed 200 OK in 25ms (Views: 0.3ms | ActiveRecord: 2.2ms | Allocations: 12016)


Started GET "/coffee_shops" for ::1 at 2020-06-03 15:48:51 -0400
Processing by CoffeeShopsController#index as */*
  [1m[36mCoffeeShop Load (24.8ms)[0m  [1m[34mSELECT "coffee_shops".* FROM "coffee_shops"[0m
  ↳ app/controllers/coffee_shops_controller.rb:4:in `index'
Completed 200 OK in 47ms (Views: 0.4ms | ActiveRecord: 24.8ms | Allocations: 12016)


Started POST "/login" for ::1 at 2020-06-03 15:48:59 -0400
Processing by AuthController#create as JSON
  Parameters: {"name"=>"John", "password"=>"[FILTERED]", "auth"=>{"name"=>"John", "password"=>"[FILTERED]"}}
  [1m[36mUser Load (0.5ms)[0m  [1m[34mSELECT "users".* FROM "users" WHERE "users"."name" = $1 LIMIT $2[0m  [["name", "John"], ["LIMIT", 1]]
  ↳ app/controllers/auth_controller.rb:3:in `create'
[active_model_serializers] Rendered ActiveModel::Serializer::Null with Hash (0.24ms)
Completed 200 OK in 253ms (Views: 0.7ms | ActiveRecord: 0.5ms | Allocations: 956)


Started GET "/coffee_shops" for ::1 at 2020-06-03 15:49:35 -0400
Processing by CoffeeShopsController#index as */*
  [1m[36mCoffeeShop Load (1.2ms)[0m  [1m[34mSELECT "coffee_shops".* FROM "coffee_shops"[0m
  ↳ app/controllers/coffee_shops_controller.rb:4:in `index'
Completed 200 OK in 14ms (Views: 0.2ms | ActiveRecord: 1.2ms | Allocations: 12016)


Started GET "/coffee_shops" for ::1 at 2020-06-03 15:49:43 -0400
Processing by CoffeeShopsController#index as */*
  [1m[36mCoffeeShop Load (19.2ms)[0m  [1m[34mSELECT "coffee_shops".* FROM "coffee_shops"[0m
  ↳ app/controllers/coffee_shops_controller.rb:4:in `index'
Completed 200 OK in 45ms (Views: 0.3ms | ActiveRecord: 19.2ms | Allocations: 12016)


Started POST "/login" for ::1 at 2020-06-03 15:49:48 -0400
Processing by AuthController#create as JSON
  Parameters: {"name"=>"John ", "password"=>"[FILTERED]", "auth"=>{"name"=>"John ", "password"=>"[FILTERED]"}}
  [1m[36mUser Load (0.5ms)[0m  [1m[34mSELECT "users".* FROM "users" WHERE "users"."name" = $1 LIMIT $2[0m  [["name", "John "], ["LIMIT", 1]]
  ↳ app/controllers/auth_controller.rb:3:in `create'
[active_model_serializers] Rendered ActiveModel::Serializer::Null with Hash (0.15ms)
Completed 200 OK in 3ms (Views: 0.8ms | ActiveRecord: 0.5ms | Allocations: 703)


Started POST "/login" for ::1 at 2020-06-03 15:49:54 -0400
Processing by AuthController#create as JSON
  Parameters: {"name"=>"John ", "password"=>"[FILTERED]", "auth"=>{"name"=>"John ", "password"=>"[FILTERED]"}}
  [1m[36mUser Load (0.2ms)[0m  [1m[34mSELECT "users".* FROM "users" WHERE "users"."name" = $1 LIMIT $2[0m  [["name", "John "], ["LIMIT", 1]]
  ↳ app/controllers/auth_controller.rb:3:in `create'
[active_model_serializers] Rendered ActiveModel::Serializer::Null with Hash (0.07ms)
Completed 200 OK in 2ms (Views: 0.4ms | ActiveRecord: 0.2ms | Allocations: 703)


Started GET "/coffee_shops" for ::1 at 2020-06-03 15:50:06 -0400
Processing by CoffeeShopsController#index as */*
  [1m[36mCoffeeShop Load (14.2ms)[0m  [1m[34mSELECT "coffee_shops".* FROM "coffee_shops"[0m
  ↳ app/controllers/coffee_shops_controller.rb:4:in `index'
Completed 200 OK in 33ms (Views: 0.3ms | ActiveRecord: 14.2ms | Allocations: 12016)


Started POST "/login" for ::1 at 2020-06-03 15:50:11 -0400
Processing by AuthController#create as JSON
  Parameters: {"name"=>"John", "password"=>"[FILTERED]", "auth"=>{"name"=>"John", "password"=>"[FILTERED]"}}
  [1m[36mUser Load (3.6ms)[0m  [1m[34mSELECT "users".* FROM "users" WHERE "users"."name" = $1 LIMIT $2[0m  [["name", "John"], ["LIMIT", 1]]
  ↳ app/controllers/auth_controller.rb:3:in `create'
[active_model_serializers] Rendered ActiveModel::Serializer::Null with Hash (0.25ms)
Completed 200 OK in 264ms (Views: 0.7ms | ActiveRecord: 3.6ms | Allocations: 956)


Started GET "/coffee_shops" for ::1 at 2020-06-03 15:51:15 -0400
Processing by CoffeeShopsController#index as */*
  [1m[36mCoffeeShop Load (12.0ms)[0m  [1m[34mSELECT "coffee_shops".* FROM "coffee_shops"[0m
  ↳ app/controllers/coffee_shops_controller.rb:4:in `index'
Completed 200 OK in 31ms (Views: 0.4ms | ActiveRecord: 12.0ms | Allocations: 12016)


Started POST "/login" for ::1 at 2020-06-03 15:51:23 -0400
Processing by AuthController#create as JSON
  Parameters: {"name"=>"John ", "password"=>"[FILTERED]", "auth"=>{"name"=>"John ", "password"=>"[FILTERED]"}}
  [1m[36mUser Load (0.6ms)[0m  [1m[34mSELECT "users".* FROM "users" WHERE "users"."name" = $1 LIMIT $2[0m  [["name", "John "], ["LIMIT", 1]]
  ↳ app/controllers/auth_controller.rb:3:in `create'
[active_model_serializers] Rendered ActiveModel::Serializer::Null with Hash (0.07ms)
Completed 200 OK in 2ms (Views: 0.4ms | ActiveRecord: 0.6ms | Allocations: 703)


Started POST "/login" for ::1 at 2020-06-03 15:51:30 -0400
Processing by AuthController#create as JSON
  Parameters: {"name"=>"John", "password"=>"[FILTERED]", "auth"=>{"name"=>"John", "password"=>"[FILTERED]"}}
  [1m[36mUser Load (0.3ms)[0m  [1m[34mSELECT "users".* FROM "users" WHERE "users"."name" = $1 LIMIT $2[0m  [["name", "John"], ["LIMIT", 1]]
  ↳ app/controllers/auth_controller.rb:3:in `create'
[active_model_serializers] Rendered ActiveModel::Serializer::Null with Hash (0.25ms)
Completed 200 OK in 263ms (Views: 0.6ms | ActiveRecord: 0.3ms | Allocations: 956)


Started GET "/coffee_shops" for ::1 at 2020-06-03 15:52:14 -0400
Processing by CoffeeShopsController#index as */*
  [1m[36mCoffeeShop Load (2.5ms)[0m  [1m[34mSELECT "coffee_shops".* FROM "coffee_shops"[0m
  ↳ app/controllers/coffee_shops_controller.rb:4:in `index'
Completed 200 OK in 22ms (Views: 0.3ms | ActiveRecord: 2.5ms | Allocations: 12016)


Started POST "/login" for ::1 at 2020-06-03 15:52:19 -0400
Processing by AuthController#create as JSON
  Parameters: {"name"=>"John", "password"=>"[FILTERED]", "auth"=>{"name"=>"John", "password"=>"[FILTERED]"}}
  [1m[36mUser Load (0.9ms)[0m  [1m[34mSELECT "users".* FROM "users" WHERE "users"."name" = $1 LIMIT $2[0m  [["name", "John"], ["LIMIT", 1]]
  ↳ app/controllers/auth_controller.rb:3:in `create'
[active_model_serializers] Rendered ActiveModel::Serializer::Null with Hash (0.24ms)
Completed 200 OK in 262ms (Views: 0.7ms | ActiveRecord: 0.9ms | Allocations: 956)


Started GET "/coffee_shops" for ::1 at 2020-06-03 15:56:50 -0400
Processing by CoffeeShopsController#index as */*
  [1m[36mCoffeeShop Load (75.8ms)[0m  [1m[34mSELECT "coffee_shops".* FROM "coffee_shops"[0m
  ↳ app/controllers/coffee_shops_controller.rb:4:in `index'
Completed 200 OK in 91ms (Views: 0.3ms | ActiveRecord: 75.8ms | Allocations: 12016)


Started GET "/coffee_shops" for ::1 at 2020-06-03 16:09:04 -0400
  [1m[35m (3.1ms)[0m  [1m[34mSELECT "schema_migrations"."version" FROM "schema_migrations" ORDER BY "schema_migrations"."version" ASC[0m
Processing by CoffeeShopsController#index as */*
  [1m[36mCoffeeShop Load (1.6ms)[0m  [1m[34mSELECT "coffee_shops".* FROM "coffee_shops"[0m
  ↳ app/controllers/coffee_shops_controller.rb:4:in `index'
Completed 200 OK in 120ms (Views: 0.6ms | ActiveRecord: 60.4ms | Allocations: 23284)


Started POST "/login" for ::1 at 2020-06-03 16:09:10 -0400
Processing by AuthController#create as JSON
  Parameters: {"name"=>"John", "password"=>"[FILTERED]", "auth"=>{"name"=>"John", "password"=>"[FILTERED]"}}
  [1m[36mUser Load (1.5ms)[0m  [1m[34mSELECT "users".* FROM "users" WHERE "users"."name" = $1 LIMIT $2[0m  [["name", "John"], ["LIMIT", 1]]
  ↳ app/controllers/auth_controller.rb:3:in `create'
[active_model_serializers] Rendered ActiveModel::Serializer::Null with Hash (0.41ms)
Completed 200 OK in 379ms (Views: 4.4ms | ActiveRecord: 68.5ms | Allocations: 6760)


Started GET "/coffee_shops" for ::1 at 2020-06-03 16:11:32 -0400
Processing by CoffeeShopsController#index as */*
  [1m[36mCoffeeShop Load (19.3ms)[0m  [1m[34mSELECT "coffee_shops".* FROM "coffee_shops"[0m
  ↳ app/controllers/coffee_shops_controller.rb:4:in `index'
Completed 200 OK in 58ms (Views: 0.3ms | ActiveRecord: 19.3ms | Allocations: 12034)


Started GET "/coffee_shops" for ::1 at 2020-06-03 16:13:52 -0400
  [1m[35m (0.9ms)[0m  [1m[34mSELECT "schema_migrations"."version" FROM "schema_migrations" ORDER BY "schema_migrations"."version" ASC[0m
Processing by CoffeeShopsController#index as */*
  [1m[36mCoffeeShop Load (1.1ms)[0m  [1m[34mSELECT "coffee_shops".* FROM "coffee_shops"[0m
  ↳ app/controllers/coffee_shops_controller.rb:4:in `index'
Completed 200 OK in 63ms (Views: 0.4ms | ActiveRecord: 7.9ms | Allocations: 23283)


Started GET "/coffee_shops" for ::1 at 2020-06-03 16:14:02 -0400
Processing by CoffeeShopsController#index as */*
  [1m[36mCoffeeShop Load (0.9ms)[0m  [1m[34mSELECT "coffee_shops".* FROM "coffee_shops"[0m
  ↳ app/controllers/coffee_shops_controller.rb:4:in `index'
Completed 200 OK in 92ms (Views: 0.3ms | ActiveRecord: 0.9ms | Allocations: 12037)


Started GET "/coffee_shops" for ::1 at 2020-06-03 16:14:09 -0400
Processing by CoffeeShopsController#index as */*
  [1m[36mCoffeeShop Load (4.0ms)[0m  [1m[34mSELECT "coffee_shops".* FROM "coffee_shops"[0m
  ↳ app/controllers/coffee_shops_controller.rb:4:in `index'
Completed 200 OK in 24ms (Views: 0.5ms | ActiveRecord: 4.0ms | Allocations: 12034)


Started POST "/login" for ::1 at 2020-06-03 16:14:16 -0400
Processing by AuthController#create as JSON
  Parameters: {"name"=>"John", "password"=>"[FILTERED]", "auth"=>{"name"=>"John", "password"=>"[FILTERED]"}}
  [1m[36mUser Load (0.7ms)[0m  [1m[34mSELECT "users".* FROM "users" WHERE "users"."name" = $1 LIMIT $2[0m  [["name", "John"], ["LIMIT", 1]]
  ↳ app/controllers/auth_controller.rb:3:in `create'
[active_model_serializers] Rendered ActiveModel::Serializer::Null with Hash (0.34ms)
Completed 200 OK in 296ms (Views: 1.5ms | ActiveRecord: 7.5ms | Allocations: 6789)


